(0.110) 
            SELECT c.relname,
            CASE WHEN c.relispartition THEN 'p' WHEN c.relkind IN ('m', 'v') THEN 'v' ELSE 't' END
            FROM pg_catalog.pg_class c
            LEFT JOIN pg_catalog.pg_namespace n ON n.oid = c.relnamespace
            WHERE c.relkind IN ('f', 'm', 'p', 'r', 'v')
                AND n.nspname NOT IN ('pg_catalog', 'pg_toast')
                AND pg_catalog.pg_table_is_visible(c.oid)
        ; args=None
(0.010) SELECT "django_migrations"."id", "django_migrations"."app", "django_migrations"."name", "django_migrations"."applied" FROM "django_migrations"; args=()
(0.009) 
            SELECT c.relname,
            CASE WHEN c.relispartition THEN 'p' WHEN c.relkind IN ('m', 'v') THEN 'v' ELSE 't' END
            FROM pg_catalog.pg_class c
            LEFT JOIN pg_catalog.pg_namespace n ON n.oid = c.relnamespace
            WHERE c.relkind IN ('f', 'm', 'p', 'r', 'v')
                AND n.nspname NOT IN ('pg_catalog', 'pg_toast')
                AND pg_catalog.pg_table_is_visible(c.oid)
        ; args=None
(0.003) SELECT "django_migrations"."id", "django_migrations"."app", "django_migrations"."name", "django_migrations"."applied" FROM "django_migrations"; args=()
(0.001) 
            SELECT c.relname,
            CASE WHEN c.relispartition THEN 'p' WHEN c.relkind IN ('m', 'v') THEN 'v' ELSE 't' END
            FROM pg_catalog.pg_class c
            LEFT JOIN pg_catalog.pg_namespace n ON n.oid = c.relnamespace
            WHERE c.relkind IN ('f', 'm', 'p', 'r', 'v')
                AND n.nspname NOT IN ('pg_catalog', 'pg_toast')
                AND pg_catalog.pg_table_is_visible(c.oid)
        ; args=None
(0.000) SELECT "django_migrations"."id", "django_migrations"."app", "django_migrations"."name", "django_migrations"."applied" FROM "django_migrations"; args=()
(0.001) 
            SELECT c.relname,
            CASE WHEN c.relispartition THEN 'p' WHEN c.relkind IN ('m', 'v') THEN 'v' ELSE 't' END
            FROM pg_catalog.pg_class c
            LEFT JOIN pg_catalog.pg_namespace n ON n.oid = c.relnamespace
            WHERE c.relkind IN ('f', 'm', 'p', 'r', 'v')
                AND n.nspname NOT IN ('pg_catalog', 'pg_toast')
                AND pg_catalog.pg_table_is_visible(c.oid)
        ; args=None
(0.001) 
            SELECT c.relname,
            CASE WHEN c.relispartition THEN 'p' WHEN c.relkind IN ('m', 'v') THEN 'v' ELSE 't' END
            FROM pg_catalog.pg_class c
            LEFT JOIN pg_catalog.pg_namespace n ON n.oid = c.relnamespace
            WHERE c.relkind IN ('f', 'm', 'p', 'r', 'v')
                AND n.nspname NOT IN ('pg_catalog', 'pg_toast')
                AND pg_catalog.pg_table_is_visible(c.oid)
        ; args=None
(0.001) SELECT "django_migrations"."id", "django_migrations"."app", "django_migrations"."name", "django_migrations"."applied" FROM "django_migrations"; args=()
(0.019) SELECT "django_content_type"."id", "django_content_type"."app_label", "django_content_type"."model" FROM "django_content_type" WHERE "django_content_type"."app_label" = 'admin'; args=('admin',)
(0.002) SELECT "django_content_type"."id", "django_content_type"."app_label", "django_content_type"."model" FROM "django_content_type" WHERE ("django_content_type"."app_label" = 'admin' AND "django_content_type"."model" = 'logentry') LIMIT 21; args=('admin', 'logentry')
(0.017) SELECT "auth_permission"."content_type_id", "auth_permission"."codename" FROM "auth_permission" INNER JOIN "django_content_type" ON ("auth_permission"."content_type_id" = "django_content_type"."id") WHERE "auth_permission"."content_type_id" IN (1) ORDER BY "django_content_type"."app_label" ASC, "django_content_type"."model" ASC, "auth_permission"."codename" ASC; args=(1,)
(0.000) SELECT "django_content_type"."id", "django_content_type"."app_label", "django_content_type"."model" FROM "django_content_type" WHERE "django_content_type"."app_label" = 'admin'; args=('admin',)
(0.000) SELECT "django_content_type"."id", "django_content_type"."app_label", "django_content_type"."model" FROM "django_content_type" WHERE "django_content_type"."app_label" = 'auth'; args=('auth',)
(0.000) SELECT "django_content_type"."id", "django_content_type"."app_label", "django_content_type"."model" FROM "django_content_type" WHERE ("django_content_type"."app_label" = 'auth' AND "django_content_type"."model" = 'permission') LIMIT 21; args=('auth', 'permission')
(0.000) SELECT "django_content_type"."id", "django_content_type"."app_label", "django_content_type"."model" FROM "django_content_type" WHERE ("django_content_type"."app_label" = 'auth' AND "django_content_type"."model" = 'group') LIMIT 21; args=('auth', 'group')
(0.000) SELECT "django_content_type"."id", "django_content_type"."app_label", "django_content_type"."model" FROM "django_content_type" WHERE ("django_content_type"."app_label" = 'auth' AND "django_content_type"."model" = 'user') LIMIT 21; args=('auth', 'user')
(0.002) SELECT "auth_permission"."content_type_id", "auth_permission"."codename" FROM "auth_permission" INNER JOIN "django_content_type" ON ("auth_permission"."content_type_id" = "django_content_type"."id") WHERE "auth_permission"."content_type_id" IN (2, 3, 4) ORDER BY "django_content_type"."app_label" ASC, "django_content_type"."model" ASC, "auth_permission"."codename" ASC; args=(2, 3, 4)
(0.001) SELECT "django_content_type"."id", "django_content_type"."app_label", "django_content_type"."model" FROM "django_content_type" WHERE "django_content_type"."app_label" = 'auth'; args=('auth',)
(0.001) SELECT "django_content_type"."id", "django_content_type"."app_label", "django_content_type"."model" FROM "django_content_type" WHERE "django_content_type"."app_label" = 'contenttypes'; args=('contenttypes',)
(0.001) SELECT "django_content_type"."id", "django_content_type"."app_label", "django_content_type"."model" FROM "django_content_type" WHERE ("django_content_type"."app_label" = 'contenttypes' AND "django_content_type"."model" = 'contenttype') LIMIT 21; args=('contenttypes', 'contenttype')
(0.001) SELECT "auth_permission"."content_type_id", "auth_permission"."codename" FROM "auth_permission" INNER JOIN "django_content_type" ON ("auth_permission"."content_type_id" = "django_content_type"."id") WHERE "auth_permission"."content_type_id" IN (5) ORDER BY "django_content_type"."app_label" ASC, "django_content_type"."model" ASC, "auth_permission"."codename" ASC; args=(5,)
(0.000) SELECT "django_content_type"."id", "django_content_type"."app_label", "django_content_type"."model" FROM "django_content_type" WHERE "django_content_type"."app_label" = 'contenttypes'; args=('contenttypes',)
(0.000) SELECT "django_content_type"."id", "django_content_type"."app_label", "django_content_type"."model" FROM "django_content_type" WHERE "django_content_type"."app_label" = 'sessions'; args=('sessions',)
(0.000) SELECT "django_content_type"."id", "django_content_type"."app_label", "django_content_type"."model" FROM "django_content_type" WHERE ("django_content_type"."app_label" = 'sessions' AND "django_content_type"."model" = 'session') LIMIT 21; args=('sessions', 'session')
(0.001) SELECT "auth_permission"."content_type_id", "auth_permission"."codename" FROM "auth_permission" INNER JOIN "django_content_type" ON ("auth_permission"."content_type_id" = "django_content_type"."id") WHERE "auth_permission"."content_type_id" IN (6) ORDER BY "django_content_type"."app_label" ASC, "django_content_type"."model" ASC, "auth_permission"."codename" ASC; args=(6,)
(0.000) SELECT "django_content_type"."id", "django_content_type"."app_label", "django_content_type"."model" FROM "django_content_type" WHERE "django_content_type"."app_label" = 'sessions'; args=('sessions',)
(0.001) SELECT "django_content_type"."id", "django_content_type"."app_label", "django_content_type"."model" FROM "django_content_type" WHERE "django_content_type"."app_label" = 'sites'; args=('sites',)
(0.000) SELECT "django_content_type"."id", "django_content_type"."app_label", "django_content_type"."model" FROM "django_content_type" WHERE ("django_content_type"."app_label" = 'sites' AND "django_content_type"."model" = 'site') LIMIT 21; args=('sites', 'site')
(0.001) SELECT "auth_permission"."content_type_id", "auth_permission"."codename" FROM "auth_permission" INNER JOIN "django_content_type" ON ("auth_permission"."content_type_id" = "django_content_type"."id") WHERE "auth_permission"."content_type_id" IN (7) ORDER BY "django_content_type"."app_label" ASC, "django_content_type"."model" ASC, "auth_permission"."codename" ASC; args=(7,)
(0.000) SELECT "django_content_type"."id", "django_content_type"."app_label", "django_content_type"."model" FROM "django_content_type" WHERE "django_content_type"."app_label" = 'sites'; args=('sites',)
(0.009) SELECT (1) AS "a" FROM "django_site" LIMIT 1; args=()
(0.000) SELECT "django_content_type"."id", "django_content_type"."app_label", "django_content_type"."model" FROM "django_content_type" WHERE "django_content_type"."app_label" = 'django_elasticsearch_dsl'; args=('django_elasticsearch_dsl',)
(0.000) SELECT "django_content_type"."id", "django_content_type"."app_label", "django_content_type"."model" FROM "django_content_type" WHERE "django_content_type"."app_label" = 'django_elasticsearch_dsl'; args=('django_elasticsearch_dsl',)
(0.002) SELECT "django_content_type"."id", "django_content_type"."app_label", "django_content_type"."model" FROM "django_content_type" WHERE "django_content_type"."app_label" = 'allauth'; args=('allauth',)
(0.000) SELECT "django_content_type"."id", "django_content_type"."app_label", "django_content_type"."model" FROM "django_content_type" WHERE "django_content_type"."app_label" = 'allauth'; args=('allauth',)
(0.000) SELECT "django_content_type"."id", "django_content_type"."app_label", "django_content_type"."model" FROM "django_content_type" WHERE "django_content_type"."app_label" = 'account'; args=('account',)
(0.000) SELECT "django_content_type"."id", "django_content_type"."app_label", "django_content_type"."model" FROM "django_content_type" WHERE ("django_content_type"."app_label" = 'account' AND "django_content_type"."model" = 'emailaddress') LIMIT 21; args=('account', 'emailaddress')
(0.000) SELECT "django_content_type"."id", "django_content_type"."app_label", "django_content_type"."model" FROM "django_content_type" WHERE ("django_content_type"."app_label" = 'account' AND "django_content_type"."model" = 'emailconfirmation') LIMIT 21; args=('account', 'emailconfirmation')
(0.001) SELECT "auth_permission"."content_type_id", "auth_permission"."codename" FROM "auth_permission" INNER JOIN "django_content_type" ON ("auth_permission"."content_type_id" = "django_content_type"."id") WHERE "auth_permission"."content_type_id" IN (8, 9) ORDER BY "django_content_type"."app_label" ASC, "django_content_type"."model" ASC, "auth_permission"."codename" ASC; args=(8, 9)
(0.000) SELECT "django_content_type"."id", "django_content_type"."app_label", "django_content_type"."model" FROM "django_content_type" WHERE "django_content_type"."app_label" = 'account'; args=('account',)
(0.000) SELECT "django_content_type"."id", "django_content_type"."app_label", "django_content_type"."model" FROM "django_content_type" WHERE "django_content_type"."app_label" = 'socialaccount'; args=('socialaccount',)
(0.000) SELECT "django_content_type"."id", "django_content_type"."app_label", "django_content_type"."model" FROM "django_content_type" WHERE ("django_content_type"."app_label" = 'socialaccount' AND "django_content_type"."model" = 'socialaccount') LIMIT 21; args=('socialaccount', 'socialaccount')
(0.000) SELECT "django_content_type"."id", "django_content_type"."app_label", "django_content_type"."model" FROM "django_content_type" WHERE ("django_content_type"."app_label" = 'socialaccount' AND "django_content_type"."model" = 'socialapp') LIMIT 21; args=('socialaccount', 'socialapp')
(0.000) SELECT "django_content_type"."id", "django_content_type"."app_label", "django_content_type"."model" FROM "django_content_type" WHERE ("django_content_type"."app_label" = 'socialaccount' AND "django_content_type"."model" = 'socialtoken') LIMIT 21; args=('socialaccount', 'socialtoken')
(0.001) SELECT "auth_permission"."content_type_id", "auth_permission"."codename" FROM "auth_permission" INNER JOIN "django_content_type" ON ("auth_permission"."content_type_id" = "django_content_type"."id") WHERE "auth_permission"."content_type_id" IN (10, 11, 12) ORDER BY "django_content_type"."app_label" ASC, "django_content_type"."model" ASC, "auth_permission"."codename" ASC; args=(10, 11, 12)
(0.001) SELECT "django_content_type"."id", "django_content_type"."app_label", "django_content_type"."model" FROM "django_content_type" WHERE "django_content_type"."app_label" = 'socialaccount'; args=('socialaccount',)
(0.000) SELECT "django_content_type"."id", "django_content_type"."app_label", "django_content_type"."model" FROM "django_content_type" WHERE "django_content_type"."app_label" = 'bootstrap4'; args=('bootstrap4',)
(0.000) SELECT "django_content_type"."id", "django_content_type"."app_label", "django_content_type"."model" FROM "django_content_type" WHERE "django_content_type"."app_label" = 'bootstrap4'; args=('bootstrap4',)
(0.000) SELECT "django_content_type"."id", "django_content_type"."app_label", "django_content_type"."model" FROM "django_content_type" WHERE "django_content_type"."app_label" = 'users'; args=('users',)
(0.000) SELECT "django_content_type"."id", "django_content_type"."app_label", "django_content_type"."model" FROM "django_content_type" WHERE ("django_content_type"."app_label" = 'users' AND "django_content_type"."model" = 'profile') LIMIT 21; args=('users', 'profile')
(0.001) SELECT "auth_permission"."content_type_id", "auth_permission"."codename" FROM "auth_permission" INNER JOIN "django_content_type" ON ("auth_permission"."content_type_id" = "django_content_type"."id") WHERE "auth_permission"."content_type_id" IN (13) ORDER BY "django_content_type"."app_label" ASC, "django_content_type"."model" ASC, "auth_permission"."codename" ASC; args=(13,)
(0.000) SELECT "django_content_type"."id", "django_content_type"."app_label", "django_content_type"."model" FROM "django_content_type" WHERE "django_content_type"."app_label" = 'users'; args=('users',)
(0.000) SELECT "django_content_type"."id", "django_content_type"."app_label", "django_content_type"."model" FROM "django_content_type" WHERE "django_content_type"."app_label" = 'search'; args=('search',)
(0.001) SELECT "django_content_type"."id", "django_content_type"."app_label", "django_content_type"."model" FROM "django_content_type" WHERE ("django_content_type"."app_label" = 'search' AND "django_content_type"."model" = 'post') LIMIT 21; args=('search', 'post')
(0.001) SELECT "auth_permission"."content_type_id", "auth_permission"."codename" FROM "auth_permission" INNER JOIN "django_content_type" ON ("auth_permission"."content_type_id" = "django_content_type"."id") WHERE "auth_permission"."content_type_id" IN (14) ORDER BY "django_content_type"."app_label" ASC, "django_content_type"."model" ASC, "auth_permission"."codename" ASC; args=(14,)
(0.001) SELECT "django_content_type"."id", "django_content_type"."app_label", "django_content_type"."model" FROM "django_content_type" WHERE "django_content_type"."app_label" = 'search'; args=('search',)
Watching for file changes with StatReloader
Waiting for apps ready_event.
Apps ready_event triggered. Sending autoreload_started signal.
Watching dir /djangocms/locale with glob **/*.mo.
Watching dir /usr/local/lib/python3.7/site-packages/django_elasticsearch_dsl/locale with glob **/*.mo.
Watching dir /usr/local/lib/python3.7/site-packages/allauth/locale with glob **/*.mo.
Watching dir /usr/local/lib/python3.7/site-packages/allauth/account/locale with glob **/*.mo.
Watching dir /usr/local/lib/python3.7/site-packages/allauth/socialaccount/locale with glob **/*.mo.
Watching dir /usr/local/lib/python3.7/site-packages/allauth/socialaccount/providers/google/locale with glob **/*.mo.
Watching dir /usr/local/lib/python3.7/site-packages/bootstrap_datepicker_plus/locale with glob **/*.mo.
Watching dir /usr/local/lib/python3.7/site-packages/bootstrap4/locale with glob **/*.mo.
Watching dir /djangocms/users/locale with glob **/*.mo.
Watching dir /djangocms/homepage/locale with glob **/*.mo.
Watching dir /djangocms/search/locale with glob **/*.mo.
(0.012) 
            SELECT c.relname,
            CASE WHEN c.relispartition THEN 'p' WHEN c.relkind IN ('m', 'v') THEN 'v' ELSE 't' END
            FROM pg_catalog.pg_class c
            LEFT JOIN pg_catalog.pg_namespace n ON n.oid = c.relnamespace
            WHERE c.relkind IN ('f', 'm', 'p', 'r', 'v')
                AND n.nspname NOT IN ('pg_catalog', 'pg_toast')
                AND pg_catalog.pg_table_is_visible(c.oid)
        ; args=None
File /usr/local/lib/python3.7/site-packages/psycopg2/__init__.py first seen with mtime 1616691140.998309
(0.003) SELECT "django_migrations"."id", "django_migrations"."app", "django_migrations"."name", "django_migrations"."applied" FROM "django_migrations"; args=()
File /usr/local/lib/python3.7/os.py first seen with mtime 1615579915.0
File /usr/local/lib/python3.7/site-packages/django/utils/asyncio.py first seen with mtime 1616691139.153309
File /usr/local/lib/python3.7/site-packages/django_elasticsearch_dsl/models.py first seen with mtime 1616691141.530023
File /usr/local/lib/python3.7/string.py first seen with mtime 1615579915.0
File /usr/local/lib/python3.7/site-packages/allauth/socialaccount/templatetags/socialaccount.py first seen with mtime 1616691141.858023
File /usr/local/lib/python3.7/site-packages/django/core/servers/__init__.py first seen with mtime 1616691139.058309
File /usr/local/lib/python3.7/site-packages/django_elasticsearch_dsl/search.py first seen with mtime 1616691141.532023
File /usr/local/lib/python3.7/email/encoders.py first seen with mtime 1615579916.0
File /usr/local/lib/python3.7/site-packages/chardet/sbcsgroupprober.py first seen with mtime 1616691135.974309
File /usr/local/lib/python3.7/site-packages/django/contrib/sessions/models.py first seen with mtime 1616691138.846309
File /usr/local/lib/python3.7/lib-dynload/_struct.cpython-37m-x86_64-linux-gnu.so first seen with mtime 1615579859.0
File /usr/local/lib/python3.7/site-packages/django/db/backends/__init__.py first seen with mtime 1616691139.060309
File /usr/local/lib/python3.7/site-packages/urllib3/util/queue.py first seen with mtime 1616691135.757309
File /usr/local/lib/python3.7/keyword.py first seen with mtime 1615579915.0
File /djangocms/search/admin.py first seen with mtime 1616696357.12293
File /usr/local/lib/python3.7/http/__init__.py first seen with mtime 1615579917.0
File /usr/local/lib/python3.7/site-packages/django/template/backends/django.py first seen with mtime 1616691139.140309
File /usr/local/lib/python3.7/site-packages/allauth/socialaccount/templatetags/__init__.py first seen with mtime 1616691141.858023
File /usr/local/lib/python3.7/site-packages/django/db/migrations/operations/fields.py first seen with mtime 1616691139.086309
File /usr/local/lib/python3.7/site-packages/elasticsearch/client/data_frame.py first seen with mtime 1616691136.957309
File /usr/local/lib/python3.7/site-packages/cffi/model.py first seen with mtime 1616691136.208309
File /usr/local/lib/python3.7/site-packages/psycopg2/_ipaddress.py first seen with mtime 1616691140.986309
File /usr/local/lib/python3.7/site-packages/django/db/backends/base/validation.py first seen with mtime 1616691139.065309
File /usr/local/lib/python3.7/site-packages/django_elasticsearch_dsl/registries.py first seen with mtime 1616691141.532023
File /usr/local/lib/python3.7/site-packages/django/core/checks/security/base.py first seen with mtime 1616691139.030309
File /usr/local/lib/python3.7/site-packages/urllib3/_collections.py first seen with mtime 1616691135.746309
File /usr/local/lib/python3.7/site-packages/urllib3/contrib/_appengine_environ.py first seen with mtime 1616691135.751309
File /usr/local/lib/python3.7/site-packages/chardet/euctwfreq.py first seen with mtime 1616691135.962309
File /usr/local/lib/python3.7/site-packages/django/conf/__init__.py first seen with mtime 1616691137.725309
File /usr/local/lib/python3.7/site-packages/django/views/decorators/csrf.py first seen with mtime 1616691139.173309
File /usr/local/lib/python3.7/site-packages/django/utils/inspect.py first seen with mtime 1616691139.160309
File /usr/local/lib/python3.7/lib-dynload/_posixsubprocess.cpython-37m-x86_64-linux-gnu.so first seen with mtime 1615579879.0
File /usr/local/lib/python3.7/site-packages/django/contrib/sites/apps.py first seen with mtime 1616691138.941309
File /usr/local/lib/python3.7/site-packages/django/core/mail/__init__.py first seen with mtime 1616691139.037309
File /usr/local/lib/python3.7/site-packages/elasticsearch/connection/base.py first seen with mtime 1616691136.975309
File /usr/local/lib/python3.7/site-packages/dateutil/__init__.py first seen with mtime 1616691136.707309
File /usr/local/lib/python3.7/collections/abc.py first seen with mtime 1615579916.0
File /usr/local/lib/python3.7/site-packages/django/db/models/sql/constants.py first seen with mtime 1616691139.104309
File /usr/local/lib/python3.7/site-packages/django/contrib/admin/widgets.py first seen with mtime 1616691137.901309
File /usr/local/lib/python3.7/site-packages/django/db/utils.py first seen with mtime 1616691139.060309
File /usr/local/lib/python3.7/site-packages/django/utils/http.py first seen with mtime 1616691139.160309
File /usr/local/lib/python3.7/encodings/idna.py first seen with mtime 1615579916.0
File /usr/local/lib/python3.7/email/iterators.py first seen with mtime 1615579916.0
File /usr/local/lib/python3.7/site-packages/chardet/langbulgarianmodel.py first seen with mtime 1616691135.965309
File /usr/local/lib/python3.7/site-packages/chardet/__init__.py first seen with mtime 1616691135.956309
File /usr/local/lib/python3.7/site-packages/django/contrib/admin/templatetags/admin_modify.py first seen with mtime 1616691138.154309
File /usr/local/lib/python3.7/site-packages/sqlparse/engine/statement_splitter.py first seen with mtime 1616691136.326309
File /usr/local/lib/python3.7/asyncio/selector_events.py first seen with mtime 1615579916.0
File /usr/local/lib/python3.7/lib-dynload/_queue.cpython-37m-x86_64-linux-gnu.so first seen with mtime 1615579875.0
File /usr/local/lib/python3.7/asyncio/log.py first seen with mtime 1615579916.0
File /usr/local/lib/python3.7/site-packages/allauth/account/forms.py first seen with mtime 1616691141.627023
File /djangocms/users/forms.py first seen with mtime 1615221240.4688818
File /usr/local/lib/python3.7/site-packages/django/template/response.py first seen with mtime 1616691139.138309
File /usr/local/lib/python3.7/email/quoprimime.py first seen with mtime 1615579916.0
File /usr/local/lib/python3.7/zipfile.py first seen with mtime 1615579915.0
File /usr/local/lib/python3.7/site-packages/django/db/models/constraints.py first seen with mtime 1616691139.089309
File /usr/local/lib/python3.7/site-packages/sqlparse/filters/right_margin.py first seen with mtime 1616691136.328309
File /usr/local/lib/python3.7/site-packages/allauth/socialaccount/providers/google/views.py first seen with mtime 1616691141.757023
File /usr/local/lib/python3.7/asyncio/base_futures.py first seen with mtime 1615579916.0
File /usr/local/lib/python3.7/site-packages/django/db/backends/postgresql/operations.py first seen with mtime 1616691139.077309
File /usr/local/lib/python3.7/site-packages/django/db/models/constants.py first seen with mtime 1616691139.089309
File /usr/local/lib/python3.7/site-packages/allauth/socialaccount/views.py first seen with mtime 1616691141.680023
File /usr/local/lib/python3.7/site-packages/django/core/checks/caches.py first seen with mtime 1616691139.026309
File /usr/local/lib/python3.7/site-packages/dateutil/parser/isoparser.py first seen with mtime 1616691136.711309
File /usr/local/lib/python3.7/site-packages/django/template/utils.py first seen with mtime 1616691139.139309
File /usr/local/lib/python3.7/site-packages/elasticsearch/__init__.py first seen with mtime 1616691136.921309
File /usr/local/lib/python3.7/site-packages/elasticsearch_dsl/__init__.py first seen with mtime 1616691137.615309
File /usr/local/lib/python3.7/site-packages/django/templatetags/tz.py first seen with mtime 1616691139.145309
File /usr/local/lib/python3.7/site-packages/elasticsearch_dsl/field.py first seen with mtime 1616691137.617309
File /usr/local/lib/python3.7/site-packages/chardet/charsetgroupprober.py first seen with mtime 1616691135.959309
File /usr/local/lib/python3.7/lib-dynload/fcntl.cpython-37m-x86_64-linux-gnu.so first seen with mtime 1615579876.0
File /usr/local/lib/python3.7/site-packages/pkg_resources/_vendor/packaging/markers.py first seen with mtime 1615579939.0
File /usr/local/lib/python3.7/site-packages/django/db/migrations/migration.py first seen with mtime 1616691139.083309
File /usr/local/lib/python3.7/site-packages/django/contrib/admin/__init__.py first seen with mtime 1616691137.895309
File /usr/local/lib/python3.7/encodings/aliases.py first seen with mtime 1615579916.0
File /usr/local/lib/python3.7/site-packages/dateutil/tz/_factories.py first seen with mtime 1616691136.712309
File /usr/local/lib/python3.7/site-packages/django/db/models/lookups.py first seen with mtime 1616691139.092309
File /usr/local/lib/python3.7/site-packages/requests/packages.py first seen with mtime 1616691136.416309
File /usr/local/lib/python3.7/site-packages/allauth/socialaccount/providers/oauth2/urls.py first seen with mtime 1616691141.786023
File /usr/local/lib/python3.7/site-packages/certifi/core.py first seen with mtime 1616691136.293309
File /usr/local/lib/python3.7/site-packages/cffi/error.py first seen with mtime 1616691136.212309
File /usr/local/lib/python3.7/site-packages/elasticsearch/client/cat.py first seen with mtime 1616691136.955309
File /usr/local/lib/python3.7/getpass.py first seen with mtime 1615579915.0
File /usr/local/lib/python3.7/site-packages/django/core/files/utils.py first seen with mtime 1616691139.034309
File /usr/local/lib/python3.7/site-packages/pkg_resources/_vendor/packaging/__about__.py first seen with mtime 1615579939.0
File /usr/local/lib/python3.7/lib-dynload/_ctypes.cpython-37m-x86_64-linux-gnu.so first seen with mtime 1615579914.0
File /usr/local/lib/python3.7/site-packages/django/templatetags/i18n.py first seen with mtime 1616691139.144309
File /usr/local/lib/python3.7/site-packages/PIL/__init__.py first seen with mtime 1616691141.185023
File /usr/local/lib/python3.7/site-packages/django/template/defaultfilters.py first seen with mtime 1616691139.135309
File /usr/local/lib/python3.7/site-packages/django/views/decorators/__init__.py first seen with mtime 1616691139.171309
File /usr/local/lib/python3.7/email/message.py first seen with mtime 1615579916.0
File /usr/local/lib/python3.7/email/mime/base.py first seen with mtime 1615579916.0
File /usr/local/lib/python3.7/subprocess.py first seen with mtime 1615579915.0
File /usr/local/lib/python3.7/site-packages/allauth/account/models.py first seen with mtime 1616691141.628023
File /usr/local/lib/python3.7/site-packages/django/db/models/fields/proxy.py first seen with mtime 1616691139.098309
File /usr/local/lib/python3.7/ctypes/__init__.py first seen with mtime 1615579917.0
File /usr/local/lib/python3.7/getopt.py first seen with mtime 1615579915.0
File /usr/local/lib/python3.7/site-packages/django/contrib/admin/filters.py first seen with mtime 1616691137.897309
File /usr/local/lib/python3.7/email/mime/message.py first seen with mtime 1615579916.0
File /usr/local/lib/python3.7/site-packages/sqlparse/utils.py first seen with mtime 1616691136.324309
File /usr/local/lib/python3.7/site-packages/sqlparse/filters/tokens.py first seen with mtime 1616691136.328309
File /usr/local/lib/python3.7/site-packages/sqlparse/formatter.py first seen with mtime 1616691136.323309
File /usr/local/lib/python3.7/site-packages/django/contrib/sites/management.py first seen with mtime 1616691138.942309
File /usr/local/lib/python3.7/site-packages/django/utils/timesince.py first seen with mtime 1616691139.165309
File /usr/local/lib/python3.7/weakref.py first seen with mtime 1615579915.0
File /usr/local/lib/python3.7/site-packages/django/contrib/contenttypes/models.py first seen with mtime 1616691138.352309
File /usr/local/lib/python3.7/site-packages/PIL/_util.py first seen with mtime 1616691141.219023
File /usr/local/lib/python3.7/site-packages/django/views/generic/__init__.py first seen with mtime 1616691139.176309
File /usr/local/lib/python3.7/email/headerregistry.py first seen with mtime 1615579916.0
File /usr/local/lib/python3.7/importlib/__init__.py first seen with mtime 1615579916.0
File /djangocms/djangoadmin/urls.py first seen with mtime 1616696357.1117313
File /usr/local/lib/python3.7/lib-dynload/termios.cpython-37m-x86_64-linux-gnu.so first seen with mtime 1615579892.0
File /usr/local/lib/python3.7/datetime.py first seen with mtime 1615579915.0
File /usr/local/lib/python3.7/site-packages/chardet/escprober.py first seen with mtime 1616691135.961309
File /usr/local/lib/python3.7/site-packages/pkg_resources/_vendor/packaging/_typing.py first seen with mtime 1615579939.0
File /usr/local/lib/python3.7/site-packages/elasticsearch/client/async_search.py first seen with mtime 1616691136.953309
File /usr/local/lib/python3.7/decimal.py first seen with mtime 1615579915.0
File /usr/local/lib/python3.7/http/cookies.py first seen with mtime 1615579917.0
File /usr/local/lib/python3.7/site-packages/elasticsearch/client/rollup.py first seen with mtime 1616691136.967309
File /usr/local/lib/python3.7/site-packages/django/contrib/auth/tokens.py first seen with mtime 1616691138.259309
File /usr/local/lib/python3.7/site-packages/sqlparse/filters/others.py first seen with mtime 1616691136.327309
File /usr/local/lib/python3.7/hmac.py first seen with mtime 1615579915.0
File /usr/local/lib/python3.7/site-packages/django/contrib/sessions/apps.py first seen with mtime 1616691138.845309
File /usr/local/lib/python3.7/site-packages/allauth/account/urls.py first seen with mtime 1616691141.629023
File /usr/local/lib/python3.7/site-packages/django/utils/translation/reloader.py first seen with mtime 1616691139.167309
File /usr/local/lib/python3.7/selectors.py first seen with mtime 1615579915.0
File /usr/local/lib/python3.7/site-packages/django/contrib/auth/management/__init__.py first seen with mtime 1616691138.343309
File /usr/local/lib/python3.7/reprlib.py first seen with mtime 1615579915.0
File /usr/local/lib/python3.7/email/utils.py first seen with mtime 1615579916.0
File /usr/local/lib/python3.7/site-packages/django/forms/boundfield.py first seen with mtime 1616691139.108309
File /usr/local/lib/python3.7/site-packages/django/utils/numberformat.py first seen with mtime 1616691139.163309
File /usr/local/lib/python3.7/site-packages/django/contrib/admin/views/main.py first seen with mtime 1616691138.157309
File /usr/local/lib/python3.7/site-packages/django/contrib/auth/password_validation.py first seen with mtime 1616691138.258309
File /usr/local/lib/python3.7/site-packages/django/templatetags/cache.py first seen with mtime 1616691139.144309
File /usr/local/lib/python3.7/site-packages/elasticsearch_dsl/function.py first seen with mtime 1616691137.618309
File /usr/local/lib/python3.7/site-packages/elasticsearch/client/__init__.py first seen with mtime 1616691136.953309
File /usr/local/lib/python3.7/site-packages/psycopg2/_range.py first seen with mtime 1616691140.998309
File /usr/local/lib/python3.7/site-packages/allauth/app_settings.py first seen with mtime 1616691141.623023
File /usr/local/lib/python3.7/genericpath.py first seen with mtime 1615579915.0
File /usr/local/lib/python3.7/site-packages/django/db/backends/base/operations.py first seen with mtime 1616691139.064309
File /usr/local/lib/python3.7/lib-dynload/_contextvars.cpython-37m-x86_64-linux-gnu.so first seen with mtime 1615579860.0
File /usr/local/lib/python3.7/site-packages/django/core/checks/security/sessions.py first seen with mtime 1616691139.030309
File /usr/local/lib/python3.7/site-packages/django/middleware/__init__.py first seen with mtime 1616691139.130309
File /usr/local/lib/python3.7/site-packages/django/forms/models.py first seen with mtime 1616691139.110309
File /usr/local/lib/python3.7/site-packages/tika/parser.py first seen with mtime 1616691140.950309
File /usr/local/lib/python3.7/site-packages/chardet/cp949prober.py first seen with mtime 1616691135.960309
File /usr/local/lib/python3.7/site-packages/requests/certs.py first seen with mtime 1616691136.412309
File /usr/local/lib/python3.7/site-packages/django/db/models/query.py first seen with mtime 1616691139.094309
File /usr/local/lib/python3.7/site-packages/django/db/migrations/operations/__init__.py first seen with mtime 1616691139.086309
File /usr/local/lib/python3.7/gettext.py first seen with mtime 1615579915.0
File /usr/local/lib/python3.7/site-packages/importlib_metadata/_compat.py first seen with mtime 1616691137.599309
File /usr/local/lib/python3.7/site-packages/urllib3/util/response.py first seen with mtime 1616691135.757309
File /usr/local/lib/python3.7/site-packages/django/core/exceptions.py first seen with mtime 1616691139.020309
File /usr/local/lib/python3.7/site-packages/django/db/models/functions/__init__.py first seen with mtime 1616691139.100309
File /usr/local/lib/python3.7/site-packages/django/utils/topological_sort.py first seen with mtime 1616691139.165309
File /usr/local/lib/python3.7/site-packages/PIL/ImageMode.py first seen with mtime 1616691141.202023
File /usr/local/lib/python3.7/site-packages/django/db/models/query_utils.py first seen with mtime 1616691139.095309
File /usr/local/lib/python3.7/site-packages/django/views/defaults.py first seen with mtime 1616691139.170309
File /usr/local/lib/python3.7/site-packages/django/db/backends/base/creation.py first seen with mtime 1616691139.062309
File /usr/local/lib/python3.7/site-packages/django/db/migrations/operations/utils.py first seen with mtime 1616691139.087309
File /usr/local/lib/python3.7/site-packages/requests/__version__.py first seen with mtime 1616691136.410309
File /usr/local/lib/python3.7/site-packages/urllib3/poolmanager.py first seen with mtime 1616691135.749309
File /usr/local/lib/python3.7/site-packages/django/core/serializers/base.py first seen with mtime 1616691139.056309
File /usr/local/lib/python3.7/site-packages/dateutil/parser/__init__.py first seen with mtime 1616691136.710309
File /usr/local/lib/python3.7/_bootlocale.py first seen with mtime 1615579915.0
File /usr/local/lib/python3.7/site-packages/django/db/models/base.py first seen with mtime 1616691139.089309
File /usr/local/lib/python3.7/urllib/__init__.py first seen with mtime 1615579917.0
File /usr/local/lib/python3.7/site-packages/django/template/loader_tags.py first seen with mtime 1616691139.138309
File /usr/local/lib/python3.7/site-packages/pkg_resources/_vendor/packaging/_structures.py first seen with mtime 1615579939.0
File /usr/local/lib/python3.7/site-packages/psycopg2/errorcodes.py first seen with mtime 1616691140.985309
File /usr/local/lib/python3.7/site-packages/elasticsearch/client/snapshot.py first seen with mtime 1616691136.970309
File /usr/local/lib/python3.7/site-packages/chardet/sbcharsetprober.py first seen with mtime 1616691135.974309
File /usr/local/lib/python3.7/site-packages/django/db/models/fields/reverse_related.py first seen with mtime 1616691139.100309
File /usr/local/lib/python3.7/lib-dynload/_ssl.cpython-37m-x86_64-linux-gnu.so first seen with mtime 1615579881.0
File /usr/local/lib/python3.7/importlib/util.py first seen with mtime 1615579916.0
File /usr/local/lib/python3.7/asyncio/locks.py first seen with mtime 1615579916.0
File /usr/local/lib/python3.7/site-packages/django/contrib/sites/admin.py first seen with mtime 1616691138.941309
File /usr/local/lib/python3.7/site-packages/elasticsearch/client/watcher.py first seen with mtime 1616691136.973309
File /usr/local/lib/python3.7/site-packages/django/shortcuts.py first seen with mtime 1616691137.723309
File /usr/local/lib/python3.7/site-packages/django/templatetags/static.py first seen with mtime 1616691139.145309
File /usr/local/lib/python3.7/functools.py first seen with mtime 1615579915.0
File /usr/local/lib/python3.7/lib-dynload/_blake2.cpython-37m-x86_64-linux-gnu.so first seen with mtime 1615579886.0
File /usr/local/lib/python3.7/site-packages/django/core/checks/translation.py first seen with mtime 1616691139.028309
File /usr/local/lib/python3.7/site-packages/allauth/models.py first seen with mtime 1616691141.624023
File /usr/local/lib/python3.7/site-packages/django/core/serializers/__init__.py first seen with mtime 1616691139.056309
File /usr/local/lib/python3.7/site-packages/django/utils/datastructures.py first seen with mtime 1616691139.155309
File /usr/local/lib/python3.7/lib-dynload/pyexpat.cpython-37m-x86_64-linux-gnu.so first seen with mtime 1615579896.0
File /usr/local/lib/python3.7/site-packages/django/contrib/staticfiles/checks.py first seen with mtime 1616691139.015309
File /usr/local/lib/python3.7/site.py first seen with mtime 1615579915.0
File /usr/local/lib/python3.7/site-packages/elasticsearch/client/license.py first seen with mtime 1616691136.963309
File /usr/local/lib/python3.7/site-packages/django/db/models/__init__.py first seen with mtime 1616691139.088309
File /usr/local/lib/python3.7/site-packages/django/views/decorators/debug.py first seen with mtime 1616691139.173309
File /usr/local/lib/python3.7/site-packages/dateutil/tz/_common.py first seen with mtime 1616691136.712309
File /usr/local/lib/python3.7/site-packages/chardet/langthaimodel.py first seen with mtime 1616691135.971309
File /usr/local/lib/python3.7/site-packages/elasticsearch/_async/compat.py first seen with mtime 1616691136.926309
File /usr/local/lib/python3.7/xml/etree/ElementPath.py first seen with mtime 1615579917.0
File /usr/local/lib/python3.7/random.py first seen with mtime 1615579915.0
File /usr/local/lib/python3.7/asyncio/sslproto.py first seen with mtime 1615579916.0
File /usr/local/lib/python3.7/asyncio/runners.py first seen with mtime 1615579916.0
File /usr/local/lib/python3.7/site-packages/elasticsearch/client/nodes.py first seen with mtime 1616691136.966309
File /usr/local/lib/python3.7/pkgutil.py first seen with mtime 1615579915.0
File /djangocms/homepage/admin.py first seen with mtime 1616081837.3913727
File /usr/local/lib/python3.7/json/__init__.py first seen with mtime 1615579917.0
File /usr/local/lib/python3.7/site-packages/django/db/models/functions/comparison.py first seen with mtime 1616691139.101309
File /usr/local/lib/python3.7/site-packages/sqlparse/engine/__init__.py first seen with mtime 1616691136.325309
File /usr/local/lib/python3.7/lib-dynload/binascii.cpython-37m-x86_64-linux-gnu.so first seen with mtime 1615579894.0
File /usr/local/lib/python3.7/site-packages/django/template/backends/base.py first seen with mtime 1616691139.140309
File /usr/local/lib/python3.7/urllib/parse.py first seen with mtime 1615579917.0
File /usr/local/lib/python3.7/site-packages/django/core/cache/__init__.py first seen with mtime 1616691139.022309
File /usr/local/lib/python3.7/site-packages/django/core/checks/registry.py first seen with mtime 1616691139.028309
File /usr/local/lib/python3.7/site-packages/requests/adapters.py first seen with mtime 1616691136.411309
File /usr/local/lib/python3.7/calendar.py first seen with mtime 1615579915.0
File /usr/local/lib/python3.7/site-packages/elasticsearch/transport.py first seen with mtime 1616691136.924309
File /usr/local/lib/python3.7/site-packages/django/utils/hashable.py first seen with mtime 1616691139.159309
File /usr/local/lib/python3.7/site-packages/sqlparse/cli.py first seen with mtime 1616691136.322309
File /usr/local/lib/python3.7/site-packages/allauth/account/templatetags/account.py first seen with mtime 1616691141.632023
File /usr/local/lib/python3.7/asyncio/subprocess.py first seen with mtime 1615579916.0
File /usr/local/lib/python3.7/site-packages/django/utils/termcolors.py first seen with mtime 1616691139.164309
File /usr/local/lib/python3.7/email/_policybase.py first seen with mtime 1615579916.0
File /usr/local/lib/python3.7/textwrap.py first seen with mtime 1615579915.0
File /usr/local/lib/python3.7/site-packages/django/template/context.py first seen with mtime 1616691139.134309
File /usr/local/lib/python3.7/site-packages/django/core/checks/security/csrf.py first seen with mtime 1616691139.030309
File /usr/local/lib/python3.7/site-packages/requests/utils.py first seen with mtime 1616691136.417309
File /usr/local/lib/python3.7/email/generator.py first seen with mtime 1615579916.0
File /usr/local/lib/python3.7/site-packages/chardet/langhebrewmodel.py first seen with mtime 1616691135.967309
File /usr/local/lib/python3.7/site-packages/urllib3/request.py first seen with mtime 1616691135.750309
File /usr/local/lib/python3.7/types.py first seen with mtime 1615579915.0
File /usr/local/lib/python3.7/site-packages/PIL/_imaging.cpython-37m-x86_64-linux-gnu.so first seen with mtime 1616691141.217023
File /usr/local/lib/python3.7/bz2.py first seen with mtime 1615579915.0
File /usr/local/lib/python3.7/site-packages/chardet/big5prober.py first seen with mtime 1616691135.957309
File /usr/local/lib/python3.7/site-packages/django/template/backends/__init__.py first seen with mtime 1616691139.139309
File /djangocms/djangoadmin/__init__.py first seen with mtime 1614272292.3214712
File /usr/local/lib/python3.7/site-packages/elasticsearch_dsl/utils.py first seen with mtime 1616691137.620309
File /usr/local/lib/python3.7/site-packages/django/db/models/functions/mixins.py first seen with mtime 1616691139.102309
File /usr/local/lib/python3.7/site-packages/chardet/escsm.py first seen with mtime 1616691135.961309
File /usr/local/lib/python3.7/ctypes/_endian.py first seen with mtime 1615579917.0
File /usr/local/lib/python3.7/pickle.py first seen with mtime 1615579915.0
File /usr/local/lib/python3.7/pprint.py first seen with mtime 1615579915.0
File /usr/local/lib/python3.7/site-packages/django/urls/exceptions.py first seen with mtime 1616691139.150309
File /usr/local/lib/python3.7/sre_parse.py first seen with mtime 1615579915.0
File /usr/local/lib/python3.7/http/cookiejar.py first seen with mtime 1615579917.0
File /usr/local/lib/python3.7/wsgiref/headers.py first seen with mtime 1615579917.0
File /usr/local/lib/python3.7/site-packages/django/templatetags/__init__.py first seen with mtime 1616691139.143309
File /usr/local/lib/python3.7/site-packages/django/utils/functional.py first seen with mtime 1616691139.159309
File /usr/local/lib/python3.7/site-packages/django/utils/tree.py first seen with mtime 1616691139.165309
File /usr/local/lib/python3.7/_compat_pickle.py first seen with mtime 1615579915.0
File /usr/local/lib/python3.7/site-packages/elasticsearch/helpers/errors.py first seen with mtime 1616691136.979309
File /usr/local/lib/python3.7/enum.py first seen with mtime 1615579915.0
File /usr/local/lib/python3.7/site-packages/pkg_resources/_vendor/packaging/specifiers.py first seen with mtime 1615579939.0
File /usr/local/lib/python3.7/site-packages/elasticsearch/_async/__init__.py first seen with mtime 1616691136.926309
File /usr/local/lib/python3.7/gzip.py first seen with mtime 1615579915.0
File /usr/local/lib/python3.7/site-packages/urllib3/__init__.py first seen with mtime 1616691135.746309
File /usr/local/lib/python3.7/email/contentmanager.py first seen with mtime 1615579916.0
File /usr/local/lib/python3.7/site-packages/elasticsearch/client/dangling_indices.py first seen with mtime 1616691136.957309
File /usr/local/lib/python3.7/site-packages/django_elasticsearch_dsl/documents.py first seen with mtime 1616691141.530023
File /usr/local/lib/python3.7/site-packages/dateutil/tz/__init__.py first seen with mtime 1616691136.711309
File /usr/local/lib/python3.7/site-packages/django/db/models/fields/__init__.py first seen with mtime 1616691139.097309
File /usr/local/lib/python3.7/quopri.py first seen with mtime 1615579915.0
File /usr/local/lib/python3.7/site-packages/allauth/socialaccount/signals.py first seen with mtime 1616691141.679023
File /usr/local/lib/python3.7/site-packages/urllib3/fields.py first seen with mtime 1616691135.748309
File /usr/local/lib/python3.7/xml/etree/ElementTree.py first seen with mtime 1615579917.0
File /usr/local/lib/python3.7/site-packages/django/db/__init__.py first seen with mtime 1616691139.059309
File /usr/local/lib/python3.7/site-packages/pkg_resources/extern/__init__.py first seen with mtime 1615579939.0
File /usr/local/lib/python3.7/abc.py first seen with mtime 1615579915.0
File /usr/local/lib/python3.7/site-packages/certifi/__init__.py first seen with mtime 1616691136.289309
File /usr/local/lib/python3.7/heapq.py first seen with mtime 1615579915.0
File /usr/local/lib/python3.7/site-packages/django/core/management/commands/runserver.py first seen with mtime 1616691139.052309
File /usr/local/lib/python3.7/site-packages/idna/core.py first seen with mtime 1616691135.863309
File /usr/local/lib/python3.7/site-packages/django/db/models/sql/where.py first seen with mtime 1616691139.107309
File /usr/local/lib/python3.7/email/_parseaddr.py first seen with mtime 1615579916.0
File /usr/local/lib/python3.7/fnmatch.py first seen with mtime 1615579915.0
File /usr/local/lib/python3.7/email/__init__.py first seen with mtime 1615579916.0
File /usr/local/lib/python3.7/site-packages/allauth/account/admin.py first seen with mtime 1616691141.626023
File /usr/local/lib/python3.7/csv.py first seen with mtime 1615579915.0
File /usr/local/lib/python3.7/shutil.py first seen with mtime 1615579915.0
File /usr/local/lib/python3.7/site-packages/six.py first seen with mtime 1616691135.845309
File /usr/local/lib/python3.7/uu.py first seen with mtime 1615579915.0
File /usr/local/lib/python3.7/site-packages/cffi/lock.py first seen with mtime 1616691136.204309
File /usr/local/lib/python3.7/site-packages/django/utils/itercompat.py first seen with mtime 1616691139.161309
File /usr/local/lib/python3.7/site-packages/django/core/serializers/python.py first seen with mtime 1616691139.057309
File /usr/local/lib/python3.7/site-packages/elasticsearch/_version.py first seen with mtime 1616691136.921309
File /usr/local/lib/python3.7/site-packages/django/views/decorators/cache.py first seen with mtime 1616691139.172309
File /usr/local/lib/python3.7/site-packages/requests/compat.py first seen with mtime 1616691136.413309
File /usr/local/lib/python3.7/urllib/error.py first seen with mtime 1615579917.0
File /usr/local/lib/python3.7/__future__.py first seen with mtime 1615579915.0
File /usr/local/lib/python3.7/site-packages/elasticsearch/exceptions.py first seen with mtime 1616691136.923309
File /usr/local/lib/python3.7/lib-dynload/zlib.cpython-37m-x86_64-linux-gnu.so first seen with mtime 1615579894.0
File /usr/local/lib/python3.7/_collections_abc.py first seen with mtime 1615579915.0
File /djangocms/homepage/urls.py first seen with mtime 1616078583.9029667
File /usr/local/lib/python3.7/site-packages/django/core/cache/utils.py first seen with mtime 1616691139.023309
File /usr/local/lib/python3.7/site-packages/django/db/models/options.py first seen with mtime 1616691139.094309
File /usr/local/lib/python3.7/site-packages/django/db/backends/base/client.py first seen with mtime 1616691139.062309
File /usr/local/lib/python3.7/site-packages/django/contrib/auth/decorators.py first seen with mtime 1616691138.256309
File /usr/local/lib/python3.7/site-packages/PIL/Image.py first seen with mtime 1616691141.220023
File /usr/local/lib/python3.7/site-packages/django/contrib/sites/shortcuts.py first seen with mtime 1616691138.943309
File /usr/local/lib/python3.7/site-packages/django/db/backends/base/__init__.py first seen with mtime 1616691139.061309
File /usr/local/lib/python3.7/encodings/utf_8.py first seen with mtime 1615579916.0
File /usr/local/lib/python3.7/site-packages/django/core/validators.py first seen with mtime 1616691139.022309
File /usr/local/lib/python3.7/site-packages/elasticsearch/client/utils.py first seen with mtime 1616691136.973309
File /usr/local/lib/python3.7/site-packages/requests/models.py first seen with mtime 1616691136.415309
File /usr/local/lib/python3.7/site-packages/django/utils/baseconv.py first seen with mtime 1616691139.154309
File /usr/local/lib/python3.7/lib-dynload/_sha3.cpython-37m-x86_64-linux-gnu.so first seen with mtime 1615579889.0
File /usr/local/lib/python3.7/site-packages/django/db/migrations/operations/special.py first seen with mtime 1616691139.087309
File /usr/local/lib/python3.7/site-packages/django/core/handlers/asgi.py first seen with mtime 1616691139.035309
File /usr/local/lib/python3.7/site-packages/dateutil/relativedelta.py first seen with mtime 1616691136.708309
File /usr/local/lib/python3.7/site-packages/requests/_internal_utils.py first seen with mtime 1616691136.411309
File /usr/local/lib/python3.7/sre_constants.py first seen with mtime 1615579915.0
File /usr/local/lib/python3.7/site-packages/django/db/backends/base/schema.py first seen with mtime 1616691139.064309
File /usr/local/lib/python3.7/configparser.py first seen with mtime 1615579915.0
File /usr/local/lib/python3.7/warnings.py first seen with mtime 1615579915.0
File /usr/local/lib/python3.7/site-packages/django/db/models/fields/mixins.py first seen with mtime 1616691139.098309
File /usr/local/lib/python3.7/site-packages/django/core/checks/messages.py first seen with mtime 1616691139.027309
File /usr/local/lib/python3.7/site-packages/django/middleware/cache.py first seen with mtime 1616691139.130309
File /usr/local/lib/python3.7/threading.py first seen with mtime 1615579915.0
File /usr/local/lib/python3.7/site-packages/dateutil/tz/tz.py first seen with mtime 1616691136.713309
File /usr/local/lib/python3.7/site-packages/django/core/serializers/json.py first seen with mtime 1616691139.057309
File /usr/local/lib/python3.7/site-packages/elasticsearch/compat.py first seen with mtime 1616691136.921309
File /usr/local/lib/python3.7/email/parser.py first seen with mtime 1615579916.0
File /usr/local/lib/python3.7/site-packages/allauth/socialaccount/providers/google/__init__.py first seen with mtime 1616691141.756023
File /usr/local/lib/python3.7/site-packages/django/contrib/staticfiles/__init__.py first seen with mtime 1616691139.014309
File /usr/local/lib/python3.7/email/charset.py first seen with mtime 1615579916.0
File /usr/local/lib/python3.7/locale.py first seen with mtime 1615579915.0
File /usr/local/lib/python3.7/site-packages/django/contrib/contenttypes/__init__.py first seen with mtime 1616691138.349309
File /usr/local/lib/python3.7/site-packages/django/core/paginator.py first seen with mtime 1616691139.020309
File /usr/local/lib/python3.7/site-packages/django/contrib/contenttypes/management/__init__.py first seen with mtime 1616691138.428309
File /usr/local/lib/python3.7/site-packages/django/utils/deconstruct.py first seen with mtime 1616691139.157309
File /usr/local/lib/python3.7/site-packages/django/contrib/auth/signals.py first seen with mtime 1616691138.258309
File /usr/local/lib/python3.7/lib-dynload/_random.cpython-37m-x86_64-linux-gnu.so first seen with mtime 1615579865.0
File /usr/local/lib/python3.7/site-packages/django/core/files/temp.py first seen with mtime 1616691139.033309
File /usr/local/lib/python3.7/pathlib.py first seen with mtime 1615579915.0
File /usr/local/lib/python3.7/site-packages/django/core/files/locks.py first seen with mtime 1616691139.032309
File /usr/local/lib/python3.7/lib-dynload/_opcode.cpython-37m-x86_64-linux-gnu.so first seen with mtime 1615579875.0
File /usr/local/lib/python3.7/socketserver.py first seen with mtime 1615579915.0
File /usr/local/lib/python3.7/site-packages/django/contrib/messages/constants.py first seen with mtime 1616691138.708309
File /usr/local/lib/python3.7/site-packages/requests/exceptions.py first seen with mtime 1616691136.413309
File /djangocms/users/__init__.py first seen with mtime 1614272292.3832166
File /usr/local/lib/python3.7/site-packages/django/contrib/contenttypes/checks.py first seen with mtime 1616691138.350309
File /usr/local/lib/python3.7/linecache.py first seen with mtime 1615579915.0
File /usr/local/lib/python3.7/site-packages/elasticsearch/helpers/__init__.py first seen with mtime 1616691136.978309
File /usr/local/lib/python3.7/asyncio/format_helpers.py first seen with mtime 1615579916.0
File /djangocms/users/views.py first seen with mtime 1616078516.7712817
File /usr/local/lib/python3.7/site-packages/chardet/utf8prober.py first seen with mtime 1616691135.975309
File /usr/local/lib/python3.7/site-packages/dateutil/_version.py first seen with mtime 1616691136.707309
File /usr/local/lib/python3.7/site-packages/elasticsearch/client/eql.py first seen with mtime 1616691136.959309
File /usr/local/lib/python3.7/site-packages/elasticsearch/client/ssl.py first seen with mtime 1616691136.971309
File /usr/local/lib/python3.7/site-packages/tika/__init__.py first seen with mtime 1616691140.949309
File /usr/local/lib/python3.7/site-packages/django/contrib/admin/helpers.py first seen with mtime 1616691137.897309
File /usr/local/lib/python3.7/site-packages/urllib3/packages/ssl_match_hostname/__init__.py first seen with mtime 1616691135.755309
File /usr/local/lib/python3.7/site-packages/elasticsearch/client/xpack.py first seen with mtime 1616691136.974309
File /usr/local/lib/python3.7/site-packages/django/core/wsgi.py first seen with mtime 1616691139.022309
File /usr/local/lib/python3.7/site-packages/asgiref/local.py first seen with mtime 1616691137.446309
File /usr/local/lib/python3.7/site-packages/elasticsearch/connection/http_requests.py first seen with mtime 1616691136.976309
File /usr/local/lib/python3.7/site-packages/django/db/models/sql/query.py first seen with mtime 1616691139.106309
File /usr/local/lib/python3.7/site-packages/django/http/response.py first seen with mtime 1616691139.130309
File /usr/local/lib/python3.7/site-packages/django/__init__.py first seen with mtime 1616691137.723309
File /usr/local/lib/python3.7/xml/parsers/__init__.py first seen with mtime 1615579917.0
File /usr/local/lib/python3.7/site-packages/urllib3/response.py first seen with mtime 1616691135.750309
File /usr/local/lib/python3.7/site-packages/elasticsearch_dsl/serializer.py first seen with mtime 1616691137.619309
File /usr/local/lib/python3.7/site-packages/elasticsearch/connection/__init__.py first seen with mtime 1616691136.975309
File /usr/local/lib/python3.7/site-packages/urllib3/util/timeout.py first seen with mtime 1616691135.759309
File /usr/local/lib/python3.7/site-packages/django/db/models/functions/text.py first seen with mtime 1616691139.102309
File /usr/local/lib/python3.7/site-packages/sqlparse/__init__.py first seen with mtime 1616691136.321309
File /usr/local/lib/python3.7/site-packages/allauth/socialaccount/models.py first seen with mtime 1616691141.678023
File /usr/local/lib/python3.7/site-packages/django/db/models/fields/files.py first seen with mtime 1616691139.097309
File /usr/local/lib/python3.7/lib-dynload/_lzma.cpython-37m-x86_64-linux-gnu.so first seen with mtime 1615579895.0
File /usr/local/lib/python3.7/numbers.py first seen with mtime 1615579915.0
File /usr/local/lib/python3.7/site-packages/django/http/request.py first seen with mtime 1616691139.129309
File /usr/local/lib/python3.7/site-packages/django/contrib/admin/apps.py first seen with mtime 1616691137.895309
File /usr/local/lib/python3.7/site-packages/django/db/models/sql/subqueries.py first seen with mtime 1616691139.106309
File /usr/local/lib/python3.7/site-packages/django/db/backends/postgresql/base.py first seen with mtime 1616691139.074309
File /usr/local/lib/python3.7/site-packages/chardet/gb2312freq.py first seen with mtime 1616691135.963309
File /usr/local/lib/python3.7/site-packages/django/contrib/admin/views/autocomplete.py first seen with mtime 1616691138.156309
File /usr/local/lib/python3.7/site-packages/django/utils/ipv6.py first seen with mtime 1616691139.161309
File /usr/local/lib/python3.7/site-packages/pkg_resources/_vendor/packaging/_compat.py first seen with mtime 1615579939.0
File /usr/local/lib/python3.7/site-packages/chardet/langgreekmodel.py first seen with mtime 1616691135.966309
File /usr/local/lib/python3.7/site-packages/elasticsearch/client/slm.py first seen with mtime 1616691136.969309
File /usr/local/lib/python3.7/site-packages/dateutil/_common.py first seen with mtime 1616691136.707309
File /usr/local/lib/python3.7/site-packages/urllib3/_version.py first seen with mtime 1616691135.746309
File /usr/local/lib/python3.7/site-packages/elasticsearch/client/ccr.py first seen with mtime 1616691136.956309
File /usr/local/lib/python3.7/site-packages/chardet/eucjpprober.py first seen with mtime 1616691135.961309
File /usr/local/lib/python3.7/site-packages/django/forms/forms.py first seen with mtime 1616691139.109309
File /usr/local/lib/python3.7/site-packages/django/middleware/csrf.py first seen with mtime 1616691139.131309
File /usr/local/lib/python3.7/site-packages/sqlparse/sql.py first seen with mtime 1616691136.324309
File /usr/local/lib/python3.7/site-packages/django/views/debug.py first seen with mtime 1616691139.170309
File /usr/local/lib/python3.7/site-packages/django/core/handlers/__init__.py first seen with mtime 1616691139.034309
File /usr/local/lib/python3.7/site-packages/django/core/management/__init__.py first seen with mtime 1616691139.042309
File /usr/local/lib/python3.7/lib-dynload/unicodedata.cpython-37m-x86_64-linux-gnu.so first seen with mtime 1615579874.0
File /usr/local/lib/python3.7/concurrent/futures/_base.py first seen with mtime 1615579916.0
File /usr/local/lib/python3.7/site-packages/elasticsearch/client/migration.py first seen with mtime 1616691136.963309
File /usr/local/lib/python3.7/site-packages/django/dispatch/__init__.py first seen with mtime 1616691139.107309
File /usr/local/lib/python3.7/logging/config.py first seen with mtime 1615579917.0
File /usr/local/lib/python3.7/site-packages/allauth/socialaccount/providers/__init__.py first seen with mtime 1616691141.681023
File /usr/local/lib/python3.7/site-packages/django/core/servers/basehttp.py first seen with mtime 1616691139.059309
File /usr/local/lib/python3.7/site-packages/elasticsearch_dsl/index.py first seen with mtime 1616691137.618309
File /usr/local/lib/python3.7/site-packages/django/utils/crypto.py first seen with mtime 1616691139.155309
File /usr/local/lib/python3.7/site-packages/django/utils/dates.py first seen with mtime 1616691139.156309
File /usr/local/lib/python3.7/email/base64mime.py first seen with mtime 1615579916.0
File /usr/local/lib/python3.7/site-packages/django/template/library.py first seen with mtime 1616691139.137309
File /usr/local/lib/python3.7/site-packages/requests/status_codes.py first seen with mtime 1616691136.417309
File /usr/local/lib/python3.7/site-packages/psycopg2/_psycopg.cpython-37m-x86_64-linux-gnu.so first seen with mtime 1616691140.997309
File /usr/local/lib/python3.7/lib-dynload/_uuid.cpython-37m-x86_64-linux-gnu.so first seen with mtime 1615579912.0
File /usr/local/lib/python3.7/site-packages/django/views/static.py first seen with mtime 1616691139.171309
File /usr/local/lib/python3.7/distutils/version.py first seen with mtime 1615579917.0
File /usr/local/lib/python3.7/site-packages/django/contrib/admin/options.py first seen with mtime 1616691137.899309
File /usr/local/lib/python3.7/site-packages/asgiref/__init__.py first seen with mtime 1616691137.445309
File /usr/local/lib/python3.7/site-packages/django/conf/urls/__init__.py first seen with mtime 1616691137.893309
File /djangocms/users/urls.py first seen with mtime 1615224889.749635
File /usr/local/lib/python3.7/concurrent/futures/__init__.py first seen with mtime 1615579916.0
File /usr/local/lib/python3.7/html/entities.py first seen with mtime 1615579917.0
File /usr/local/lib/python3.7/concurrent/futures/thread.py first seen with mtime 1615579916.0
File /usr/local/lib/python3.7/urllib/request.py first seen with mtime 1615579917.0
File /djangocms/users/models.py first seen with mtime 1615221240.4698813
File /usr/local/lib/python3.7/site-packages/urllib3/contrib/__init__.py first seen with mtime 1616691135.750309
File /usr/local/lib/python3.7/queue.py first seen with mtime 1615579915.0
File /usr/local/lib/python3.7/site-packages/pytz/exceptions.py first seen with mtime 1616691136.474309
File /usr/local/lib/python3.7/site-packages/pytz/tzinfo.py first seen with mtime 1616691136.475309
File /usr/local/lib/python3.7/asyncio/tasks.py first seen with mtime 1615579916.0
File /usr/local/lib/python3.7/site-packages/django/contrib/admin/checks.py first seen with mtime 1616691137.896309
File /usr/local/lib/python3.7/site-packages/requests/hooks.py first seen with mtime 1616691136.415309
File /usr/local/lib/python3.7/codecs.py first seen with mtime 1615579915.0
File /usr/local/lib/python3.7/site-packages/allauth/socialaccount/providers/base.py first seen with mtime 1616691141.682023
File /usr/local/lib/python3.7/site-packages/django/utils/cache.py first seen with mtime 1616691139.154309
File /usr/local/lib/python3.7/site-packages/django/apps/config.py first seen with mtime 1616691137.724309
File /usr/local/lib/python3.7/site-packages/requests/cookies.py first seen with mtime 1616691136.413309
File /usr/local/lib/python3.7/site-packages/django/db/models/enums.py first seen with mtime 1616691139.090309
File /usr/local/lib/python3.7/site-packages/django/core/files/uploadedfile.py first seen with mtime 1616691139.033309
File /usr/local/lib/python3.7/asyncio/__init__.py first seen with mtime 1615579916.0
File /usr/local/lib/python3.7/site-packages/elasticsearch_dsl/document.py first seen with mtime 1616691137.616309
File /usr/local/lib/python3.7/site-packages/django/template/defaulttags.py first seen with mtime 1616691139.136309
File /usr/local/lib/python3.7/sysconfig.py first seen with mtime 1615579915.0
File /usr/local/lib/python3.7/site-packages/django/db/backends/ddl_references.py first seen with mtime 1616691139.060309
File /usr/local/lib/python3.7/site-packages/asgiref/sync.py first seen with mtime 1616691137.447309
File /usr/local/lib/python3.7/site-packages/django/utils/lorem_ipsum.py first seen with mtime 1616691139.162309
File /usr/local/lib/python3.7/contextlib.py first seen with mtime 1615579915.0
File /usr/local/lib/python3.7/site-packages/django/utils/datetime_safe.py first seen with mtime 1616691139.157309
File /usr/local/lib/python3.7/site-packages/zipp.py first seen with mtime 1616691136.306309
File /usr/local/lib/python3.7/xml/__init__.py first seen with mtime 1615579917.0
File /usr/local/lib/python3.7/site-packages/allauth/__init__.py first seen with mtime 1616691141.623023
File /usr/local/lib/python3.7/site-packages/django/template/loader.py first seen with mtime 1616691139.137309
File /usr/local/lib/python3.7/email/mime/text.py first seen with mtime 1615579916.0
File /usr/local/lib/python3.7/site-packages/pkg_resources/_vendor/packaging/requirements.py first seen with mtime 1615579939.0
File /usr/local/lib/python3.7/site-packages/chardet/jisfreq.py first seen with mtime 1616691135.964309
File /usr/local/lib/python3.7/site-packages/chardet/mbcssm.py first seen with mtime 1616691135.974309
File /usr/local/lib/python3.7/site-packages/django/db/backends/base/features.py first seen with mtime 1616691139.063309
File /usr/local/lib/python3.7/site-packages/django/conf/global_settings.py first seen with mtime 1616691137.726309
File /usr/local/lib/python3.7/site-packages/dateutil/parser/_parser.py first seen with mtime 1616691136.711309
File /usr/local/lib/python3.7/site-packages/django/utils/safestring.py first seen with mtime 1616691139.164309
File /usr/local/lib/python3.7/site-packages/pkg_resources/__init__.py first seen with mtime 1615579939.0
File /usr/local/lib/python3.7/site-packages/django/db/backends/postgresql/schema.py first seen with mtime 1616691139.077309
File /usr/local/lib/python3.7/site-packages/elasticsearch/client/ml.py first seen with mtime 1616691136.964309
File /djangocms/homepage/views.py first seen with mtime 1616696357.1176221
File /usr/local/lib/python3.7/socket.py first seen with mtime 1615579915.0
File /usr/local/lib/python3.7/difflib.py first seen with mtime 1615579915.0
File /usr/local/lib/python3.7/site-packages/chardet/universaldetector.py first seen with mtime 1616691135.975309
File /usr/local/lib/python3.7/lzma.py first seen with mtime 1615579915.0
File /usr/local/lib/python3.7/site-packages/django_elasticsearch_dsl/exceptions.py first seen with mtime 1616691141.532023
File /usr/local/lib/python3.7/wsgiref/util.py first seen with mtime 1615579917.0
File /usr/local/lib/python3.7/site-packages/django/contrib/sites/__init__.py first seen with mtime 1616691138.940309
File /usr/local/lib/python3.7/site-packages/asgiref/current_thread_executor.py first seen with mtime 1616691137.446309
File /usr/local/lib/python3.7/site-packages/django_elasticsearch_dsl/indices.py first seen with mtime 1616691141.531023
File /usr/local/lib/python3.7/site-packages/django/db/backends/postgresql/client.py first seen with mtime 1616691139.075309
File /usr/local/lib/python3.7/re.py first seen with mtime 1615579915.0
File /usr/local/lib/python3.7/site-packages/django/core/checks/templates.py first seen with mtime 1616691139.028309
File /usr/local/lib/python3.7/site-packages/django/core/checks/database.py first seen with mtime 1616691139.027309
File /usr/local/lib/python3.7/email/_encoded_words.py first seen with mtime 1615579916.0
File /usr/local/lib/python3.7/asyncio/unix_events.py first seen with mtime 1615579916.0
File /usr/local/lib/python3.7/lib-dynload/_json.cpython-37m-x86_64-linux-gnu.so first seen with mtime 1615579870.0
File /usr/local/lib/python3.7/site-packages/allauth/socialaccount/forms.py first seen with mtime 1616691141.678023
File /usr/local/lib/python3.7/site-packages/urllib3/util/request.py first seen with mtime 1616691135.757309
File /usr/local/lib/python3.7/site-packages/django/db/models/deletion.py first seen with mtime 1616691139.090309
File /djangocms/djangoadmin/settings.py first seen with mtime 1617809596.8939028
File /usr/local/lib/python3.7/site-packages/chardet/latin1prober.py first seen with mtime 1616691135.973309
File /usr/local/lib/python3.7/site-packages/django/core/handlers/wsgi.py first seen with mtime 1616691139.036309
File /usr/local/lib/python3.7/site-packages/allauth/socialaccount/apps.py first seen with mtime 1616691141.677023
File /usr/local/lib/python3.7/site-packages/bootstrap_datepicker_plus/__init__.py first seen with mtime 1616691141.592023
File /usr/local/lib/python3.7/site-packages/elasticsearch/utils.py first seen with mtime 1616691136.925309
File /usr/local/lib/python3.7/stringprep.py first seen with mtime 1615579915.0
File /usr/local/lib/python3.7/wsgiref/handlers.py first seen with mtime 1615579917.0
File /usr/local/lib/python3.7/site-packages/pkg_resources/_vendor/packaging/utils.py first seen with mtime 1615579939.0
File /usr/local/lib/python3.7/site-packages/django/core/handlers/exception.py first seen with mtime 1616691139.036309
File /usr/local/lib/python3.7/site-packages/allauth/account/utils.py first seen with mtime 1616691141.630023
File /usr/local/lib/python3.7/site-packages/django/contrib/auth/forms.py first seen with mtime 1616691138.256309
File /usr/local/lib/python3.7/site-packages/django/core/handlers/base.py first seen with mtime 1616691139.035309
File /usr/local/lib/python3.7/site-packages/bootstrap4/models.py first seen with mtime 1616691141.561023
File /usr/local/lib/python3.7/site-packages/chardet/euckrprober.py first seen with mtime 1616691135.962309
File /usr/local/lib/python3.7/site-packages/django/db/models/utils.py first seen with mtime 1616691139.096309
File /usr/local/lib/python3.7/lib-dynload/_asyncio.cpython-37m-x86_64-linux-gnu.so first seen with mtime 1615579875.0
File /usr/local/lib/python3.7/site-packages/django/core/files/storage.py first seen with mtime 1616691139.032309
File /usr/local/lib/python3.7/site-packages/django/contrib/auth/apps.py first seen with mtime 1616691138.253309
File /usr/local/lib/python3.7/site-packages/django/utils/version.py first seen with mtime 1616691139.166309
File /usr/local/lib/python3.7/site-packages/bootstrap_datepicker_plus/_base.py first seen with mtime 1616691141.592023
File /usr/local/lib/python3.7/site-packages/django/contrib/contenttypes/views.py first seen with mtime 1616691138.352309
File /usr/local/lib/python3.7/site-packages/allauth/account/managers.py first seen with mtime 1616691141.628023
File /usr/local/lib/python3.7/site-packages/django/views/i18n.py first seen with mtime 1616691139.170309
File /usr/local/lib/python3.7/site-packages/allauth/account/adapter.py first seen with mtime 1616691141.625023
File /usr/local/lib/python3.7/site-packages/django/views/__init__.py first seen with mtime 1616691139.168309
File /usr/local/lib/python3.7/site-packages/sqlparse/engine/grouping.py first seen with mtime 1616691136.326309
File /usr/local/lib/python3.7/asyncio/streams.py first seen with mtime 1615579916.0
File /usr/local/lib/python3.7/site-packages/urllib3/util/connection.py first seen with mtime 1616691135.756309
File /djangocms/homepage/__init__.py first seen with mtime 1614275587.0552685
File /usr/local/lib/python3.7/dis.py first seen with mtime 1615579915.0
File /usr/local/lib/python3.7/site-packages/sqlparse/filters/aligned_indent.py first seen with mtime 1616691136.327309
File /usr/local/lib/python3.7/site-packages/django/core/management/color.py first seen with mtime 1616691139.044309
File /usr/local/lib/python3.7/site-packages/urllib3/util/retry.py first seen with mtime 1616691135.758309
File /usr/local/lib/python3.7/site-packages/idna/__init__.py first seen with mtime 1616691135.862309
File /usr/local/lib/python3.7/site-packages/elasticsearch_dsl/search.py first seen with mtime 1616691137.619309
File /usr/local/lib/python3.7/site-packages/chardet/euckrfreq.py first seen with mtime 1616691135.962309
File /usr/local/lib/python3.7/wsgiref/simple_server.py first seen with mtime 1615579917.0
File /usr/local/lib/python3.7/site-packages/django/db/models/fields/related_lookups.py first seen with mtime 1616691139.100309
File /usr/local/lib/python3.7/site-packages/django/template/engine.py first seen with mtime 1616691139.136309
File /usr/local/lib/python3.7/site-packages/elasticsearch/helpers/actions.py first seen with mtime 1616691136.978309
File /usr/local/lib/python3.7/site-packages/django/contrib/admin/views/__init__.py first seen with mtime 1616691138.156309
File /usr/local/lib/python3.7/site-packages/django/db/models/functions/window.py first seen with mtime 1616691139.103309
File /usr/local/lib/python3.7/site-packages/django/db/models/manager.py first seen with mtime 1616691139.092309
File /usr/local/lib/python3.7/asyncio/transports.py first seen with mtime 1615579916.0
File /usr/local/lib/python3.7/operator.py first seen with mtime 1615579915.0
File /usr/local/lib/python3.7/site-packages/elasticsearch/client/graph.py first seen with mtime 1616691136.960309
File /usr/local/lib/python3.7/site-packages/elasticsearch_dsl/faceted_search.py first seen with mtime 1616691137.617309
File /usr/local/lib/python3.7/site-packages/django/views/generic/base.py first seen with mtime 1616691139.176309
File /usr/local/lib/python3.7/site-packages/django/utils/duration.py first seen with mtime 1616691139.158309
File /usr/local/lib/python3.7/site-packages/psycopg2/_json.py first seen with mtime 1616691140.999309
File /usr/local/lib/python3.7/site-packages/elasticsearch/client/sql.py first seen with mtime 1616691136.970309
File /usr/local/lib/python3.7/copyreg.py first seen with mtime 1615579915.0
File /usr/local/lib/python3.7/site-packages/django/db/backends/postgresql/creation.py first seen with mtime 1616691139.076309
File /usr/local/lib/python3.7/xml/etree/__init__.py first seen with mtime 1615579917.0
File /usr/local/lib/python3.7/site-packages/chardet/jpcntx.py first seen with mtime 1616691135.965309
File /usr/local/lib/python3.7/site-packages/django/views/generic/edit.py first seen with mtime 1616691139.178309
File /usr/local/lib/python3.7/site-packages/django/contrib/admin/templatetags/log.py first seen with mtime 1616691138.155309
File /usr/local/lib/python3.7/site-packages/allauth/socialaccount/providers/google/provider.py first seen with mtime 1616691141.756023
File /usr/local/lib/python3.7/site-packages/django/db/migrations/exceptions.py first seen with mtime 1616691139.081309
File /usr/local/lib/python3.7/struct.py first seen with mtime 1615579915.0
File /usr/local/lib/python3.7/site-packages/django/core/files/images.py first seen with mtime 1616691139.031309
File /usr/local/lib/python3.7/site-packages/elasticsearch/client/autoscaling.py first seen with mtime 1616691136.954309
File /usr/local/lib/python3.7/site-packages/django/contrib/admin/sites.py first seen with mtime 1616691137.899309
File /usr/local/lib/python3.7/html/parser.py first seen with mtime 1615579917.0
File /usr/local/lib/python3.7/site-packages/elasticsearch/client/monitoring.py first seen with mtime 1616691136.965309
File /usr/local/lib/python3.7/site-packages/django/contrib/__init__.py first seen with mtime 1616691137.894309
File /usr/local/lib/python3.7/asyncio/futures.py first seen with mtime 1615579916.0
File /usr/local/lib/python3.7/site-packages/psycopg2/tz.py first seen with mtime 1616691140.999309
File /usr/local/lib/python3.7/email/mime/nonmultipart.py first seen with mtime 1615579916.0
File /usr/local/lib/python3.7/site-packages/urllib3/packages/six.py first seen with mtime 1616691135.754309
File /usr/local/lib/python3.7/logging/handlers.py first seen with mtime 1615579917.0
File /usr/local/lib/python3.7/site-packages/elasticsearch/client/cluster.py first seen with mtime 1616691136.956309
File /usr/local/lib/python3.7/site-packages/requests/__init__.py first seen with mtime 1616691136.410309
File /usr/local/lib/python3.7/site-packages/allauth/socialaccount/helpers.py first seen with mtime 1616691141.678023
File /usr/local/lib/python3.7/site-packages/sqlparse/engine/filter_stack.py first seen with mtime 1616691136.325309
File /usr/local/lib/python3.7/site-packages/django/core/files/base.py first seen with mtime 1616691139.031309
File /usr/local/lib/python3.7/site-packages/django/contrib/staticfiles/management/commands/runserver.py first seen with mtime 1616691139.018309
File /usr/local/lib/python3.7/site-packages/chardet/enums.py first seen with mtime 1616691135.960309
File /usr/local/lib/python3.7/site-packages/django/forms/fields.py first seen with mtime 1616691139.109309
File /usr/local/lib/python3.7/site-packages/django/utils/deprecation.py first seen with mtime 1616691139.157309
File /usr/local/lib/python3.7/site-packages/pytz/tzfile.py first seen with mtime 1616691136.475309
File /usr/local/lib/python3.7/asyncio/constants.py first seen with mtime 1615579916.0
File /usr/local/lib/python3.7/_weakrefset.py first seen with mtime 1615579915.0
File /usr/local/lib/python3.7/hashlib.py first seen with mtime 1615579915.0
File /usr/local/lib/python3.7/site-packages/sqlparse/filters/reindent.py first seen with mtime 1616691136.327309
File /usr/local/lib/python3.7/site-packages/chardet/mbcsgroupprober.py first seen with mtime 1616691135.973309
File /usr/local/lib/python3.7/opcode.py first seen with mtime 1615579915.0
File /usr/local/lib/python3.7/site-packages/elasticsearch/client/deprecation.py first seen with mtime 1616691136.958309
File /usr/local/lib/python3.7/site-packages/elasticsearch/connection_pool.py first seen with mtime 1616691136.922309
File /usr/local/lib/python3.7/site-packages/elasticsearch_dsl/response/__init__.py first seen with mtime 1616691137.621309
File /usr/local/lib/python3.7/tokenize.py first seen with mtime 1615579915.0
File /usr/local/lib/python3.7/site-packages/allauth/socialaccount/providers/google/urls.py first seen with mtime 1616691141.757023
File /djangocms/manage.py first seen with mtime 1614275587.0726748
File /usr/local/lib/python3.7/site-packages/bootstrap_datepicker_plus/_helpers.py first seen with mtime 1616691141.593023
File /usr/local/lib/python3.7/site-packages/allauth/account/signals.py first seen with mtime 1616691141.628023
File /djangocms/homepage/models.py first seen with mtime 1616081809.0080335
File /usr/local/lib/python3.7/site-packages/django/core/signals.py first seen with mtime 1616691139.021309
File /usr/local/lib/python3.7/site-packages/elasticsearch_dsl/response/hit.py first seen with mtime 1616691137.621309
File /usr/local/lib/python3.7/site-packages/elasticsearch/connection/http_urllib3.py first seen with mtime 1616691136.977309
File /usr/local/lib/python3.7/email/header.py first seen with mtime 1615579916.0
File /usr/local/lib/python3.7/site-packages/sqlparse/exceptions.py first seen with mtime 1616691136.323309
File /usr/local/lib/python3.7/argparse.py first seen with mtime 1615579915.0
File /usr/local/lib/python3.7/token.py first seen with mtime 1615579915.0
File /usr/local/lib/python3.7/site-packages/django/db/backends/signals.py first seen with mtime 1616691139.061309
File /usr/local/lib/python3.7/site-packages/django/db/backends/postgresql/features.py first seen with mtime 1616691139.076309
File /djangocms/search/__init__.py first seen with mtime 1616078583.9045513
File /usr/local/lib/python3.7/asyncio/base_events.py first seen with mtime 1615579916.0
File /usr/local/lib/python3.7/site-packages/django/core/files/__init__.py first seen with mtime 1616691139.031309
File /usr/local/lib/python3.7/site-packages/django/apps/__init__.py first seen with mtime 1616691137.724309
File /usr/local/lib/python3.7/site-packages/django/utils/encoding.py first seen with mtime 1616691139.158309
File /usr/local/lib/python3.7/site-packages/django/utils/__init__.py first seen with mtime 1616691139.152309
File /usr/local/lib/python3.7/site-packages/psycopg2/extras.py first seen with mtime 1616691140.986309
File /usr/local/lib/python3.7/site-packages/pytz/__init__.py first seen with mtime 1616691136.474309
File /djangocms/users/admin.py first seen with mtime 1614876488.2560484
File /usr/local/lib/python3.7/asyncio/queues.py first seen with mtime 1615579916.0
File /usr/local/lib/python3.7/concurrent/__init__.py first seen with mtime 1615579916.0
File /usr/local/lib/python3.7/site-packages/elasticsearch/client/security.py first seen with mtime 1616691136.968309
File /usr/local/lib/python3.7/site-packages/PIL/_binary.py first seen with mtime 1616691141.192023
File /usr/local/lib/python3.7/collections/__init__.py first seen with mtime 1615579916.0
File /usr/local/lib/python3.7/signal.py first seen with mtime 1615579915.0
File /usr/local/lib/python3.7/site-packages/django/contrib/auth/base_user.py first seen with mtime 1616691138.254309
File /usr/local/lib/python3.7/site-packages/sqlparse/lexer.py first seen with mtime 1616691136.323309
File /usr/local/lib/python3.7/site-packages/allauth/account/templatetags/__init__.py first seen with mtime 1616691141.632023
File /usr/local/lib/python3.7/encodings/latin_1.py first seen with mtime 1615579916.0
File /usr/local/lib/python3.7/site-packages/urllib3/util/__init__.py first seen with mtime 1616691135.756309
File /usr/local/lib/python3.7/site-packages/django/contrib/admin/utils.py first seen with mtime 1616691137.900309
File /usr/local/lib/python3.7/site-packages/django/urls/base.py first seen with mtime 1616691139.149309
File /usr/local/lib/python3.7/site-packages/elasticsearch/client/remote.py first seen with mtime 1616691136.966309
File /usr/local/lib/python3.7/site-packages/django/contrib/staticfiles/views.py first seen with mtime 1616691139.017309
File /usr/local/lib/python3.7/site-packages/django/utils/_os.py first seen with mtime 1616691139.152309
File /usr/local/lib/python3.7/io.py first seen with mtime 1615579915.0
File /usr/local/lib/python3.7/json/encoder.py first seen with mtime 1615579917.0
File /usr/local/lib/python3.7/site-packages/django/contrib/auth/validators.py first seen with mtime 1616691138.259309
File /usr/local/lib/python3.7/site-packages/django_elasticsearch_dsl/fields.py first seen with mtime 1616691141.530023
File /usr/local/lib/python3.7/site-packages/allauth/exceptions.py first seen with mtime 1616691141.623023
File /usr/local/lib/python3.7/site-packages/urllib3/util/ssltransport.py first seen with mtime 1616691135.758309
File /usr/local/lib/python3.7/site-packages/requests/structures.py first seen with mtime 1616691136.417309
File /usr/local/lib/python3.7/importlib/machinery.py first seen with mtime 1615579916.0
File /usr/local/lib/python3.7/site-packages/django/utils/text.py first seen with mtime 1616691139.164309
File /usr/local/lib/python3.7/json/decoder.py first seen with mtime 1615579917.0
File /usr/local/lib/python3.7/site-packages/django/db/models/functions/datetime.py first seen with mtime 1616691139.101309
File /usr/local/lib/python3.7/site-packages/chardet/version.py first seen with mtime 1616691135.976309
File /usr/local/lib/python3.7/site-packages/cffi/__init__.py first seen with mtime 1616691136.210309
File /usr/local/lib/python3.7/ipaddress.py first seen with mtime 1615579915.0
File /usr/local/lib/python3.7/site-packages/cffi/api.py first seen with mtime 1616691136.211309
File /usr/local/lib/python3.7/site-packages/chardet/chardistribution.py first seen with mtime 1616691135.958309
File /usr/local/lib/python3.7/site-packages/chardet/langrussianmodel.py first seen with mtime 1616691135.970309
File /usr/local/lib/python3.7/site-packages/allauth/account/apps.py first seen with mtime 1616691141.626023
File /usr/local/lib/python3.7/site-packages/allauth/socialaccount/providers/oauth2/provider.py first seen with mtime 1616691141.786023
File /usr/local/lib/python3.7/site-packages/django/contrib/auth/admin.py first seen with mtime 1616691138.253309
File /usr/local/lib/python3.7/site-packages/django/contrib/staticfiles/utils.py first seen with mtime 1616691139.017309
File /usr/local/lib/python3.7/site-packages/elasticsearch/client/indices.py first seen with mtime 1616691136.961309
File /usr/local/lib/python3.7/site-packages/django/core/mail/utils.py first seen with mtime 1616691139.038309
File /usr/local/lib/python3.7/asyncio/base_subprocess.py first seen with mtime 1615579916.0
File /usr/local/lib/python3.7/bisect.py first seen with mtime 1615579915.0
File /usr/local/lib/python3.7/site-packages/django/contrib/auth/__init__.py first seen with mtime 1616691138.253309
File /usr/local/lib/python3.7/site-packages/django/contrib/contenttypes/apps.py first seen with mtime 1616691138.350309
File /usr/local/lib/python3.7/site-packages/pkg_resources/_vendor/packaging/version.py first seen with mtime 1615579939.0
File /usr/local/lib/python3.7/traceback.py first seen with mtime 1615579915.0
File /usr/local/lib/python3.7/site-packages/django/core/files/move.py first seen with mtime 1616691139.032309
File /usr/local/lib/python3.7/site-packages/django/db/models/fields/related_descriptors.py first seen with mtime 1616691139.100309
File /usr/local/lib/python3.7/site-packages/pytz/lazy.py first seen with mtime 1616691136.474309
File /usr/local/lib/python3.7/site-packages/sqlparse/tokens.py first seen with mtime 1616691136.324309
File /usr/local/lib/python3.7/site-packages/chardet/euctwprober.py first seen with mtime 1616691135.963309
File /usr/local/lib/python3.7/site-packages/django/utils/log.py first seen with mtime 1616691139.162309
File /usr/local/lib/python3.7/site-packages/django/contrib/contenttypes/forms.py first seen with mtime 1616691138.351309
File /usr/local/lib/python3.7/site-packages/django_elasticsearch_dsl/apps.py first seen with mtime 1616691141.531023
File /djangocms/search/views.py first seen with mtime 1616696357.1257215
File /usr/local/lib/python3.7/site-packages/elasticsearch/client/enrich.py first seen with mtime 1616691136.958309
File /usr/local/lib/python3.7/site-packages/sqlparse/filters/__init__.py first seen with mtime 1616691136.326309
File /usr/local/lib/python3.7/stat.py first seen with mtime 1615579915.0
File /usr/local/lib/python3.7/site-packages/django/contrib/contenttypes/admin.py first seen with mtime 1616691138.350309
File /usr/local/lib/python3.7/site-packages/django/contrib/messages/apps.py first seen with mtime 1616691138.708309
File /usr/local/lib/python3.7/site-packages/elasticsearch/client/tasks.py first seen with mtime 1616691136.972309
File /usr/local/lib/python3.7/site-packages/django/db/backends/base/base.py first seen with mtime 1616691139.062309
File /usr/local/lib/python3.7/typing.py first seen with mtime 1615579915.0
File /usr/local/lib/python3.7/site-packages/allauth/socialaccount/adapter.py first seen with mtime 1616691141.676023
File /usr/local/lib/python3.7/lib-dynload/select.cpython-37m-x86_64-linux-gnu.so first seen with mtime 1615579876.0
File /usr/local/lib/python3.7/site-packages/django/contrib/admin/actions.py first seen with mtime 1616691137.895309
File /usr/local/lib/python3.7/site-packages/django/forms/__init__.py first seen with mtime 1616691139.108309
File /usr/local/lib/python3.7/site-packages/django/core/mail/message.py first seen with mtime 1616691139.037309
File /usr/local/lib/python3.7/site-packages/django/contrib/admin/exceptions.py first seen with mtime 1616691137.896309
File /usr/local/lib/python3.7/site-packages/django/core/checks/__init__.py first seen with mtime 1616691139.025309
File /usr/local/lib/python3.7/site-packages/django/template/base.py first seen with mtime 1616691139.134309
File /usr/local/lib/python3.7/site-packages/django/db/backends/utils.py first seen with mtime 1616691139.061309
File /usr/local/lib/python3.7/site-packages/urllib3/exceptions.py first seen with mtime 1616691135.748309
File /usr/local/lib/python3.7/distutils/__init__.py first seen with mtime 1615579917.0
File /usr/local/lib/python3.7/site-packages/django/db/models/indexes.py first seen with mtime 1616691139.091309
File /usr/local/lib/python3.7/site-packages/django/forms/formsets.py first seen with mtime 1616691139.110309
File /usr/local/lib/python3.7/posixpath.py first seen with mtime 1615579915.0
File /usr/local/lib/python3.7/site-packages/psycopg2/extensions.py first seen with mtime 1616691140.998309
File /usr/local/lib/python3.7/site-packages/django/contrib/admin/decorators.py first seen with mtime 1616691137.896309
File /usr/local/lib/python3.7/site-packages/urllib3/util/url.py first seen with mtime 1616691135.759309
File /usr/local/lib/python3.7/site-packages/django/dispatch/dispatcher.py first seen with mtime 1616691139.107309
File /usr/local/lib/python3.7/lib-dynload/_bisect.cpython-37m-x86_64-linux-gnu.so first seen with mtime 1615579865.0
File /usr/local/lib/python3.7/site-packages/django/db/backends/postgresql/__init__.py first seen with mtime 1616691139.074309
File /usr/local/lib/python3.7/site-packages/allauth/socialaccount/__init__.py first seen with mtime 1616691141.676023
File /usr/local/lib/python3.7/site-packages/pkg_resources/_vendor/__init__.py first seen with mtime 1615579939.0
File /usr/local/lib/python3.7/site-packages/django/db/models/sql/__init__.py first seen with mtime 1616691139.103309
File /usr/local/lib/python3.7/site-packages/django/utils/regex_helper.py first seen with mtime 1616691139.163309
File /usr/local/lib/python3.7/lib-dynload/_elementtree.cpython-37m-x86_64-linux-gnu.so first seen with mtime 1615579897.0
File /usr/local/lib/python3.7/asyncio/events.py first seen with mtime 1615579916.0
File /usr/local/lib/python3.7/site-packages/django/core/cache/backends/base.py first seen with mtime 1616691139.023309
File /usr/local/lib/python3.7/site-packages/django/utils/translation/__init__.py first seen with mtime 1616691139.166309
File /usr/local/lib/python3.7/site-packages/django/core/checks/urls.py first seen with mtime 1616691139.029309
File /usr/local/lib/python3.7/site-packages/urllib3/connectionpool.py first seen with mtime 1616691135.748309
File /usr/local/lib/python3.7/site-packages/sqlparse/keywords.py first seen with mtime 1616691136.323309
File /usr/local/lib/python3.7/site-packages/django/db/models/aggregates.py first seen with mtime 1616691139.088309
File /usr/local/lib/python3.7/site-packages/elasticsearch_dsl/update_by_query.py first seen with mtime 1616691137.620309
File /usr/local/lib/python3.7/site-packages/chardet/mbcharsetprober.py first seen with mtime 1616691135.973309
File /usr/local/lib/python3.7/site-packages/allauth/socialaccount/providers/oauth2/__init__.py first seen with mtime 1616691141.785023
File /usr/local/lib/python3.7/sre_compile.py first seen with mtime 1615579915.0
File /usr/local/lib/python3.7/site-packages/urllib3/util/proxy.py first seen with mtime 1616691135.757309
File /usr/local/lib/python3.7/site-packages/chardet/charsetprober.py first seen with mtime 1616691135.959309
File /usr/local/lib/python3.7/site-packages/elasticsearch_dsl/aggs.py first seen with mtime 1616691137.615309
File /usr/local/lib/python3.7/site-packages/django/contrib/admin/templatetags/admin_list.py first seen with mtime 1616691138.154309
File /usr/local/lib/python3.7/site-packages/django/db/models/functions/math.py first seen with mtime 1616691139.101309
File /usr/local/lib/python3.7/_sitebuiltins.py first seen with mtime 1615579915.0
File /usr/local/lib/python3.7/site-packages/django/db/models/fields/json.py first seen with mtime 1616691139.097309
File /usr/local/lib/python3.7/site-packages/allauth/socialaccount/urls.py first seen with mtime 1616691141.680023
File /usr/local/lib/python3.7/site-packages/allauth/account/__init__.py first seen with mtime 1616691141.625023
File /usr/local/lib/python3.7/site-packages/django/core/__init__.py first seen with mtime 1616691139.020309
File /usr/local/lib/python3.7/site-packages/django/templatetags/l10n.py first seen with mtime 1616691139.144309
File /usr/local/lib/python3.7/site-packages/chardet/hebrewprober.py first seen with mtime 1616691135.964309
File /usr/local/lib/python3.7/site-packages/django/contrib/staticfiles/handlers.py first seen with mtime 1616691139.015309
File /usr/local/lib/python3.7/uuid.py first seen with mtime 1615579915.0
File /usr/local/lib/python3.7/site-packages/django/http/__init__.py first seen with mtime 1616691139.128309
File /usr/local/lib/python3.7/contextvars.py first seen with mtime 1615579915.0
File /usr/local/lib/python3.7/site-packages/django/utils/dateparse.py first seen with mtime 1616691139.156309
File /usr/local/lib/python3.7/site-packages/chardet/codingstatemachine.py first seen with mtime 1616691135.959309
File /usr/local/lib/python3.7/site-packages/django/contrib/admin/models.py first seen with mtime 1616691137.898309
File /usr/local/lib/python3.7/site-packages/django/contrib/sessions/base_session.py first seen with mtime 1616691138.845309
File /usr/local/lib/python3.7/site-packages/allauth/urls.py first seen with mtime 1616691141.624023
File /usr/local/lib/python3.7/site-packages/django/db/migrations/operations/models.py first seen with mtime 1616691139.087309
File /usr/local/lib/python3.7/site-packages/django/db/migrations/operations/base.py first seen with mtime 1616691139.086309
File /usr/local/lib/python3.7/site-packages/django/core/management/base.py first seen with mtime 1616691139.043309
File /usr/local/lib/python3.7/site-packages/django/contrib/admin/templatetags/base.py first seen with mtime 1616691138.155309
File /usr/local/lib/python3.7/_compression.py first seen with mtime 1615579915.0
File /usr/local/lib/python3.7/cgi.py first seen with mtime 1615579915.0
File /usr/local/lib/python3.7/lib-dynload/grp.cpython-37m-x86_64-linux-gnu.so first seen with mtime 1615579876.0
File /usr/local/lib/python3.7/site-packages/requests/api.py first seen with mtime 1616691136.412309
File /usr/local/lib/python3.7/site-packages/django_elasticsearch_dsl/signals.py first seen with mtime 1616691141.530023
File /usr/local/lib/python3.7/site-packages/elasticsearch_dsl/exceptions.py first seen with mtime 1616691137.617309
File /djangocms/users/tokens.py first seen with mtime 1615221240.4704776
File /usr/local/lib/python3.7/site-packages/django/utils/translation/trans_real.py first seen with mtime 1616691139.168309
File /usr/local/lib/python3.7/site-packages/django/db/models/fields/related.py first seen with mtime 1616691139.099309
File /usr/local/lib/python3.7/email/errors.py first seen with mtime 1615579916.0
File /usr/local/lib/python3.7/site-packages/tika/tika.py first seen with mtime 1616691140.951309
File /usr/local/lib/python3.7/lib-dynload/_hashlib.cpython-37m-x86_64-linux-gnu.so first seen with mtime 1615579882.0
File /usr/local/lib/python3.7/wsgiref/__init__.py first seen with mtime 1615579917.0
File /usr/local/lib/python3.7/site-packages/elasticsearch_dsl/mapping.py first seen with mtime 1616691137.618309
File /usr/local/lib/python3.7/importlib/abc.py first seen with mtime 1615579916.0
File /usr/local/lib/python3.7/site-packages/django/utils/module_loading.py first seen with mtime 1616691139.163309
File /usr/local/lib/python3.7/site-packages/elasticsearch/client/transform.py first seen with mtime 1616691136.972309
File /usr/local/lib/python3.7/email/_header_value_parser.py first seen with mtime 1615579916.0
File /usr/local/lib/python3.7/site-packages/django/contrib/auth/hashers.py first seen with mtime 1616691138.257309
File /usr/local/lib/python3.7/site-packages/django/template/smartif.py first seen with mtime 1616691139.138309
File /usr/local/lib/python3.7/platform.py first seen with mtime 1615579915.0
File /usr/local/lib/python3.7/site-packages/django/template/exceptions.py first seen with mtime 1616691139.136309
File /usr/local/lib/python3.7/site-packages/urllib3/util/ssl_.py first seen with mtime 1616691135.758309
File /usr/local/lib/python3.7/site-packages/django/contrib/contenttypes/fields.py first seen with mtime 1616691138.351309
File /usr/local/lib/python3.7/logging/__init__.py first seen with mtime 1615579917.0
File /usr/local/lib/python3.7/site-packages/PIL/_version.py first seen with mtime 1616691141.222023
File /usr/local/lib/python3.7/site-packages/django/contrib/staticfiles/apps.py first seen with mtime 1616691139.015309
File /usr/local/lib/python3.7/site-packages/django/forms/renderers.py first seen with mtime 1616691139.111309
File /usr/local/lib/python3.7/site-packages/elasticsearch/serializer.py first seen with mtime 1616691136.924309
File /usr/local/lib/python3.7/site-packages/django/db/backends/postgresql/introspection.py first seen with mtime 1616691139.076309
File /usr/local/lib/python3.7/site-packages/django/utils/dateformat.py first seen with mtime 1616691139.155309
File /usr/local/lib/python3.7/site-packages/django/db/migrations/state.py first seen with mtime 1616691139.085309
File /usr/local/lib/python3.7/site-packages/PIL/TiffTags.py first seen with mtime 1616691141.205023
File /usr/local/lib/python3.7/site-packages/django/apps/registry.py first seen with mtime 1616691137.724309
File /usr/local/lib/python3.7/base64.py first seen with mtime 1615579915.0
File /usr/local/lib/python3.7/site-packages/django/utils/timezone.py first seen with mtime 1616691139.165309
File /usr/local/lib/python3.7/site-packages/django/contrib/sites/models.py first seen with mtime 1616691138.943309
File /usr/local/lib/python3.7/site-packages/django/db/models/signals.py first seen with mtime 1616691139.095309
File /usr/local/lib/python3.7/site-packages/elasticsearch/client/searchable_snapshots.py first seen with mtime 1616691136.967309
File /usr/local/lib/python3.7/site-packages/django/core/cache/backends/__init__.py first seen with mtime 1616691139.023309
File /usr/local/lib/python3.7/site-packages/elasticsearch_dsl/connections.py first seen with mtime 1616691137.616309
File /usr/local/lib/python3.7/site-packages/django/utils/autoreload.py first seen with mtime 1616691139.154309
File /usr/local/lib/python3.7/site-packages/importlib_metadata/__init__.py first seen with mtime 1616691137.599309
File /usr/local/lib/python3.7/site-packages/urllib3/util/wait.py first seen with mtime 1616691135.759309
File /usr/local/lib/python3.7/site-packages/django/http/multipartparser.py first seen with mtime 1616691139.129309
File /usr/local/lib/python3.7/site-packages/idna/idnadata.py first seen with mtime 1616691135.864309
File /usr/local/lib/python3.7/http/client.py first seen with mtime 1615579917.0
File /usr/local/lib/python3.7/site-packages/django/core/checks/model_checks.py first seen with mtime 1616691139.027309
File /usr/local/lib/python3.7/site-packages/django/db/migrations/__init__.py first seen with mtime 1616691139.080309
File /usr/local/lib/python3.7/site-packages/urllib3/connection.py first seen with mtime 1616691135.747309
File /usr/local/lib/python3.7/site-packages/django/db/backends/base/introspection.py first seen with mtime 1616691139.063309
File /usr/local/lib/python3.7/secrets.py first seen with mtime 1615579915.0
File /usr/local/lib/python3.7/inspect.py first seen with mtime 1615579915.0
File /usr/local/lib/python3.7/site-packages/django/db/models/sql/datastructures.py first seen with mtime 1616691139.105309
File /usr/local/lib/python3.7/plistlib.py first seen with mtime 1615579915.0
File /usr/local/lib/python3.7/http/server.py first seen with mtime 1615579917.0
File /usr/local/lib/python3.7/site-packages/django/urls/conf.py first seen with mtime 1616691139.150309
File /usr/local/lib/python3.7/site-packages/django/http/cookie.py first seen with mtime 1616691139.128309
File /usr/local/lib/python3.7/email/feedparser.py first seen with mtime 1615579916.0
File /usr/local/lib/python3.7/email/mime/multipart.py first seen with mtime 1615579916.0
File /usr/local/lib/python3.7/site-packages/django/contrib/messages/__init__.py first seen with mtime 1616691138.707309
File /usr/local/lib/python3.7/site-packages/django/contrib/admin/templatetags/admin_urls.py first seen with mtime 1616691138.155309
File /usr/local/lib/python3.7/site-packages/django/template/__init__.py first seen with mtime 1616691139.133309
File /usr/local/lib/python3.7/site-packages/django/utils/html.py first seen with mtime 1616691139.160309
File /usr/local/lib/python3.7/site-packages/django/core/files/uploadhandler.py first seen with mtime 1616691139.034309
File /usr/local/lib/python3.7/_markupbase.py first seen with mtime 1615579915.0
File /usr/local/lib/python3.7/site-packages/elasticsearch/client/ilm.py first seen with mtime 1616691136.960309
File /usr/local/lib/python3.7/asyncio/protocols.py first seen with mtime 1615579916.0
File /usr/local/lib/python3.7/site-packages/django/urls/__init__.py first seen with mtime 1616691139.149309
File /usr/local/lib/python3.7/site-packages/django/contrib/auth/checks.py first seen with mtime 1616691138.254309
File /usr/local/lib/python3.7/site-packages/django/contrib/messages/storage/__init__.py first seen with mtime 1616691138.710309
File /usr/local/lib/python3.7/site-packages/django/views/generic/dates.py first seen with mtime 1616691139.177309
File /usr/local/lib/python3.7/site-packages/requests/sessions.py first seen with mtime 1616691136.416309
File /usr/local/lib/python3.7/site-packages/django/utils/formats.py first seen with mtime 1616691139.159309
File /usr/local/lib/python3.7/site-packages/chardet/sjisprober.py first seen with mtime 1616691135.975309
File /usr/local/lib/python3.7/site-packages/django/views/generic/detail.py first seen with mtime 1616691139.177309
File /usr/local/lib/python3.7/site-packages/bootstrap4/templatetags/__init__.py first seen with mtime 1616691141.564023
File /usr/local/lib/python3.7/site-packages/allauth/socialaccount/providers/oauth2/client.py first seen with mtime 1616691141.786023
File /djangocms/search/models.py first seen with mtime 1616696357.1250055
File /usr/local/lib/python3.7/site-packages/chardet/big5freq.py first seen with mtime 1616691135.957309
File /usr/local/lib/python3.7/site-packages/django/core/checks/async_checks.py first seen with mtime 1616691139.026309
File /usr/local/lib/python3.7/site-packages/django/forms/utils.py first seen with mtime 1616691139.111309
File /usr/local/lib/python3.7/site-packages/requests/auth.py first seen with mtime 1616691136.412309
File /usr/local/lib/python3.7/tempfile.py first seen with mtime 1615579915.0
File /usr/local/lib/python3.7/urllib/response.py first seen with mtime 1615579917.0
File /usr/local/lib/python3.7/site-packages/django/urls/resolvers.py first seen with mtime 1616691139.151309
File /usr/local/lib/python3.7/ssl.py first seen with mtime 1615579915.0
File /usr/local/lib/python3.7/lib-dynload/math.cpython-37m-x86_64-linux-gnu.so first seen with mtime 1615579863.0
File /usr/local/lib/python3.7/json/scanner.py first seen with mtime 1615579917.0
File /usr/local/lib/python3.7/site-packages/chardet/gb2312prober.py first seen with mtime 1616691135.963309
File /usr/local/lib/python3.7/site-packages/chardet/langturkishmodel.py first seen with mtime 1616691135.972309
File /usr/local/lib/python3.7/site-packages/allauth/account/views.py first seen with mtime 1616691141.630023
File /usr/local/lib/python3.7/html/__init__.py first seen with mtime 1615579917.0
File /usr/local/lib/python3.7/site-packages/idna/package_data.py first seen with mtime 1616691135.864309
File /usr/local/lib/python3.7/site-packages/django/conf/locale/__init__.py first seen with mtime 1616691137.729309
File /usr/local/lib/python3.7/site-packages/urllib3/packages/__init__.py first seen with mtime 1616691135.754309
File /usr/local/lib/python3.7/site-packages/bootstrap4/__init__.py first seen with mtime 1616691141.560023
File /usr/local/lib/python3.7/site-packages/django/core/checks/security/__init__.py first seen with mtime 1616691139.029309
File /usr/local/lib/python3.7/email/policy.py first seen with mtime 1615579916.0
File /usr/local/lib/python3.7/site-packages/allauth/utils.py first seen with mtime 1616691141.625023
File /usr/local/lib/python3.7/site-packages/elasticsearch_dsl/analysis.py first seen with mtime 1616691137.616309
File /usr/local/lib/python3.7/site-packages/urllib3/filepost.py first seen with mtime 1616691135.749309
File /usr/local/lib/python3.7/copy.py first seen with mtime 1615579915.0
File /usr/local/lib/python3.7/site-packages/allauth/socialaccount/admin.py first seen with mtime 1616691141.676023
File /usr/local/lib/python3.7/site-packages/sqlparse/filters/output.py first seen with mtime 1616691136.327309
File /usr/local/lib/python3.7/site-packages/django/contrib/messages/api.py first seen with mtime 1616691138.707309
File /usr/local/lib/python3.7/lib-dynload/_heapq.cpython-37m-x86_64-linux-gnu.so first seen with mtime 1615579865.0
File /usr/local/lib/python3.7/site-packages/allauth/socialaccount/fields.py first seen with mtime 1616691141.677023
File /usr/local/lib/python3.7/site-packages/django/db/transaction.py first seen with mtime 1616691139.059309
File /usr/local/lib/python3.7/site-packages/django/views/generic/list.py first seen with mtime 1616691139.178309
File /usr/local/lib/python3.7/lib-dynload/_socket.cpython-37m-x86_64-linux-gnu.so first seen with mtime 1615579880.0
File /usr/local/lib/python3.7/site-packages/elasticsearch_dsl/wrappers.py first seen with mtime 1616691137.620309
File /usr/local/lib/python3.7/asyncio/coroutines.py first seen with mtime 1615579916.0
File /usr/local/lib/python3.7/site-packages/elasticsearch_dsl/response/aggs.py first seen with mtime 1616691137.621309
File /usr/local/lib/python3.7/importlib/resources.py first seen with mtime 1615579916.0
File /usr/local/lib/python3.7/site-packages/elasticsearch/client/ingest.py first seen with mtime 1616691136.962309
File /usr/local/lib/python3.7/site-packages/django/forms/widgets.py first seen with mtime 1616691139.112309
File /usr/local/lib/python3.7/site-packages/django/contrib/staticfiles/finders.py first seen with mtime 1616691139.015309
File /usr/local/lib/python3.7/site-packages/django/contrib/auth/models.py first seen with mtime 1616691138.258309
File /usr/local/lib/python3.7/lib-dynload/_pickle.cpython-37m-x86_64-linux-gnu.so first seen with mtime 1615579868.0
File /usr/local/lib/python3.7/site-packages/django/utils/decorators.py first seen with mtime 1616691139.157309
File /usr/local/lib/python3.7/site-packages/django/urls/utils.py first seen with mtime 1616691139.151309
File /usr/local/lib/python3.7/email/mime/__init__.py first seen with mtime 1615579916.0
File /usr/local/lib/python3.7/site-packages/django/contrib/admin/templatetags/__init__.py first seen with mtime 1616691138.154309
File /usr/local/lib/python3.7/mimetypes.py first seen with mtime 1615579915.0
File /usr/local/lib/python3.7/site-packages/django/contrib/sessions/__init__.py first seen with mtime 1616691138.845309
File /usr/local/lib/python3.7/site-packages/django/urls/converters.py first seen with mtime 1616691139.150309
File /usr/local/lib/python3.7/site-packages/django/core/signing.py first seen with mtime 1616691139.021309
File /usr/local/lib/python3.7/site-packages/allauth/socialaccount/providers/oauth2/views.py first seen with mtime 1616691141.787023
File /usr/local/lib/python3.7/lib-dynload/_csv.cpython-37m-x86_64-linux-gnu.so first seen with mtime 1615579879.0
File /usr/local/lib/python3.7/site-packages/idna/intranges.py first seen with mtime 1616691135.864309
File /usr/local/lib/python3.7/site-packages/elasticsearch_dsl/query.py first seen with mtime 1616691137.619309
File /usr/local/lib/python3.7/ntpath.py first seen with mtime 1615579915.0
File /usr/local/lib/python3.7/site-packages/django_elasticsearch_dsl/__init__.py first seen with mtime 1616691141.531023
File /usr/local/lib/python3.7/xml/parsers/expat.py first seen with mtime 1615579917.0
File /usr/local/lib/python3.7/site-packages/django/db/models/expressions.py first seen with mtime 1616691139.091309
File /usr/local/lib/python3.7/lib-dynload/_datetime.cpython-37m-x86_64-linux-gnu.so first seen with mtime 1615579865.0
File /usr/local/lib/python3.7/encodings/__init__.py first seen with mtime 1615579916.0
File /usr/local/lib/python3.7/lib-dynload/_bz2.cpython-37m-x86_64-linux-gnu.so first seen with mtime 1615579895.0
File /usr/local/lib/python3.7/asyncio/base_tasks.py first seen with mtime 1615579916.0
File /usr/local/lib/python3.7/lib-dynload/_decimal.cpython-37m-x86_64-linux-gnu.so first seen with mtime 1615579910.0
File /usr/local/lib/python3.7/site-packages/allauth/locale/ru/LC_MESSAGES/django.mo first seen with mtime 1616691141.661023
File /usr/local/lib/python3.7/site-packages/allauth/locale/zh_TW/LC_MESSAGES/django.mo first seen with mtime 1616691141.675023
File /usr/local/lib/python3.7/site-packages/allauth/locale/he/LC_MESSAGES/django.mo first seen with mtime 1616691141.646023
File /usr/local/lib/python3.7/site-packages/allauth/locale/sv/LC_MESSAGES/django.mo first seen with mtime 1616691141.665023
File /usr/local/lib/python3.7/site-packages/allauth/locale/ko/LC_MESSAGES/django.mo first seen with mtime 1616691141.651023
File /usr/local/lib/python3.7/site-packages/allauth/locale/sk/LC_MESSAGES/django.mo first seen with mtime 1616691141.662023
File /usr/local/lib/python3.7/site-packages/allauth/locale/da/LC_MESSAGES/django.mo first seen with mtime 1616691141.635023
File /usr/local/lib/python3.7/site-packages/allauth/locale/tr/LC_MESSAGES/django.mo first seen with mtime 1616691141.668023
File /usr/local/lib/python3.7/site-packages/allauth/locale/nl/LC_MESSAGES/django.mo first seen with mtime 1616691141.656023
File /usr/local/lib/python3.7/site-packages/allauth/locale/pl/LC_MESSAGES/django.mo first seen with mtime 1616691141.657023
File /usr/local/lib/python3.7/site-packages/allauth/locale/it/LC_MESSAGES/django.mo first seen with mtime 1616691141.649023
File /usr/local/lib/python3.7/site-packages/allauth/locale/de/LC_MESSAGES/django.mo first seen with mtime 1616691141.637023
File /usr/local/lib/python3.7/site-packages/allauth/locale/uk/LC_MESSAGES/django.mo first seen with mtime 1616691141.669023
File /usr/local/lib/python3.7/site-packages/allauth/locale/zh_CN/LC_MESSAGES/django.mo first seen with mtime 1616691141.670023
File /usr/local/lib/python3.7/site-packages/allauth/locale/es/LC_MESSAGES/django.mo first seen with mtime 1616691141.640023
File /usr/local/lib/python3.7/site-packages/allauth/locale/eu/LC_MESSAGES/django.mo first seen with mtime 1616691141.642023
File /usr/local/lib/python3.7/site-packages/allauth/locale/hr/LC_MESSAGES/django.mo first seen with mtime 1616691141.647023
File /usr/local/lib/python3.7/site-packages/allauth/locale/cs/LC_MESSAGES/django.mo first seen with mtime 1616691141.634023
File /usr/local/lib/python3.7/site-packages/allauth/locale/pt_BR/LC_MESSAGES/django.mo first seen with mtime 1616691141.658023
File /usr/local/lib/python3.7/site-packages/allauth/locale/nb/LC_MESSAGES/django.mo first seen with mtime 1616691141.655023
File /usr/local/lib/python3.7/site-packages/allauth/locale/th/LC_MESSAGES/django.mo first seen with mtime 1616691141.667023
File /usr/local/lib/python3.7/site-packages/allauth/locale/lv/LC_MESSAGES/django.mo first seen with mtime 1616691141.654023
File /usr/local/lib/python3.7/site-packages/allauth/locale/sr_Latn/LC_MESSAGES/django.mo first seen with mtime 1616691141.665023
File /usr/local/lib/python3.7/site-packages/allauth/locale/lt/LC_MESSAGES/django.mo first seen with mtime 1616691141.653023
File /usr/local/lib/python3.7/site-packages/allauth/locale/zh_Hant/LC_MESSAGES/django.mo first seen with mtime 1616691141.673023
File /usr/local/lib/python3.7/site-packages/allauth/locale/ky/LC_MESSAGES/django.mo first seen with mtime 1616691141.652023
File /usr/local/lib/python3.7/site-packages/allauth/locale/pt_PT/LC_MESSAGES/django.mo first seen with mtime 1616691141.659023
File /usr/local/lib/python3.7/site-packages/allauth/locale/ar/LC_MESSAGES/django.mo first seen with mtime 1616691141.633023
File /usr/local/lib/python3.7/site-packages/allauth/locale/fa/LC_MESSAGES/django.mo first seen with mtime 1616691141.642023
File /usr/local/lib/python3.7/site-packages/allauth/locale/hu/LC_MESSAGES/django.mo first seen with mtime 1616691141.648023
File /usr/local/lib/python3.7/site-packages/allauth/locale/en/LC_MESSAGES/django.mo first seen with mtime 1616691141.639023
File /usr/local/lib/python3.7/site-packages/allauth/locale/ja/LC_MESSAGES/django.mo first seen with mtime 1616691141.650023
File /usr/local/lib/python3.7/site-packages/allauth/locale/fi/LC_MESSAGES/django.mo first seen with mtime 1616691141.644023
File /usr/local/lib/python3.7/site-packages/allauth/locale/fr/LC_MESSAGES/django.mo first seen with mtime 1616691141.645023
File /usr/local/lib/python3.7/site-packages/allauth/locale/sr/LC_MESSAGES/django.mo first seen with mtime 1616691141.664023
File /usr/local/lib/python3.7/site-packages/allauth/locale/zh_Hans/LC_MESSAGES/django.mo first seen with mtime 1616691141.672023
File /usr/local/lib/python3.7/site-packages/allauth/locale/el/LC_MESSAGES/django.mo first seen with mtime 1616691141.638023
File /usr/local/lib/python3.7/site-packages/allauth/locale/sl/LC_MESSAGES/django.mo first seen with mtime 1616691141.663023
File /usr/local/lib/python3.7/site-packages/allauth/account/migrations/0002_email_max_length.py first seen with mtime 1616691141.632023
File /djangocms/search/migrations/0001_initial.py first seen with mtime 1616696357.1234808
File /djangocms/users/migrations/0009_auto_20210308_1701.py first seen with mtime 1615223220.570767
File /djangocms/users/migrations/0001_initial.py first seen with mtime 1614876488.2565746
File /djangocms/users/migrations/0004_users.py first seen with mtime 1614876488.2568176
File /usr/local/lib/python3.7/site-packages/bootstrap4/forms.py first seen with mtime 1616691141.561023
File /djangocms/djangoadmin/wsgi.py first seen with mtime 1614272292.3258283
File /usr/local/lib/python3.7/site-packages/django/db/models/sql/compiler.py first seen with mtime 1616691139.104309
File /usr/local/lib/python3.7/site-packages/django/contrib/admin/migrations/0003_logentry_add_action_flag_choices.py first seen with mtime 1616691138.072309
File /usr/local/lib/python3.7/site-packages/django/contrib/auth/migrations/0003_alter_user_email_max_length.py first seen with mtime 1616691138.345309
File /usr/local/lib/python3.7/site-packages/django/contrib/auth/migrations/__init__.py first seen with mtime 1616691138.347309
File /djangocms/users/migrations/__init__.py first seen with mtime 1614272292.3940516
File /usr/local/lib/python3.7/site-packages/django/middleware/clickjacking.py first seen with mtime 1616691139.131309
File /usr/local/lib/python3.7/site-packages/django/contrib/auth/backends.py first seen with mtime 1616691138.254309
File /usr/local/lib/python3.7/site-packages/django/contrib/sites/migrations/0001_initial.py first seen with mtime 1616691139.013309
File /usr/local/lib/python3.7/site-packages/django/contrib/auth/migrations/0004_alter_user_username_opts.py first seen with mtime 1616691138.345309
File /usr/local/lib/python3.7/site-packages/django/contrib/auth/migrations/0009_alter_user_last_name_max_length.py first seen with mtime 1616691138.346309
File /usr/local/lib/python3.7/site-packages/django/contrib/sessions/middleware.py first seen with mtime 1616691138.846309
File /usr/local/lib/python3.7/site-packages/django/contrib/auth/migrations/0007_alter_validators_add_error_messages.py first seen with mtime 1616691138.346309
File /usr/local/lib/python3.7/site-packages/django/contrib/auth/middleware.py first seen with mtime 1616691138.257309
File /usr/local/lib/python3.7/site-packages/bootstrap4/utils.py first seen with mtime 1616691141.565023
File /usr/local/lib/python3.7/site-packages/django/contrib/sites/migrations/0002_alter_domain_unique.py first seen with mtime 1616691139.014309
File /usr/local/lib/python3.7/site-packages/django/db/migrations/loader.py first seen with mtime 1616691139.083309
File /usr/local/lib/python3.7/site-packages/django/contrib/auth/migrations/0002_alter_permission_name_max_length.py first seen with mtime 1616691138.345309
File /usr/local/lib/python3.7/site-packages/bootstrap4/templatetags/bootstrap4.py first seen with mtime 1616691141.565023
File /usr/local/lib/python3.7/site-packages/django/contrib/auth/migrations/0005_alter_user_last_login_null.py first seen with mtime 1616691138.345309
File /usr/local/lib/python3.7/site-packages/django/contrib/sessions/migrations/0001_initial.py first seen with mtime 1616691138.938309
File /djangocms/users/migrations/0008_auto_20200501_1508.py first seen with mtime 1614272292.3939235
File /usr/local/lib/python3.7/site-packages/django/contrib/contenttypes/migrations/__init__.py first seen with mtime 1616691138.430309
File /usr/local/lib/python3.7/site-packages/allauth/account/migrations/__init__.py first seen with mtime 1616691141.632023
File /usr/local/lib/python3.7/site-packages/django/contrib/messages/middleware.py first seen with mtime 1616691138.709309
File /usr/local/lib/python3.7/site-packages/allauth/socialaccount/migrations/0001_initial.py first seen with mtime 1616691141.680023
File /usr/local/lib/python3.7/site-packages/django/middleware/common.py first seen with mtime 1616691139.131309
File /usr/local/lib/python3.7/site-packages/django/contrib/contenttypes/migrations/0001_initial.py first seen with mtime 1616691138.430309
File /usr/local/lib/python3.7/site-packages/django/middleware/security.py first seen with mtime 1616691139.133309
File /usr/local/lib/python3.7/site-packages/django/contrib/sessions/backends/base.py first seen with mtime 1616691138.847309
File /djangocms/search/migrations/__init__.py first seen with mtime 1616078583.9085622
File /usr/local/lib/python3.7/site-packages/django/db/migrations/graph.py first seen with mtime 1616691139.082309
File /djangocms/homepage/migrations/0001_initial.py first seen with mtime 1616696357.115664
File /usr/local/lib/python3.7/site-packages/django/contrib/auth/migrations/0011_update_proxy_permissions.py first seen with mtime 1616691138.347309
File /djangocms/users/migrations/0002_auto_20200430_1332.py first seen with mtime 1614272292.3908858
File /usr/local/lib/python3.7/site-packages/django/contrib/auth/migrations/0012_alter_user_first_name_max_length.py first seen with mtime 1616691138.347309
File /usr/local/lib/python3.7/site-packages/allauth/socialaccount/migrations/__init__.py first seen with mtime 1616691141.681023
File /djangocms/users/migrations/0003_delete_user.py first seen with mtime 1614272292.3913603
File /usr/local/lib/python3.7/site-packages/bootstrap4/text.py first seen with mtime 1616691141.565023
File /usr/local/lib/python3.7/site-packages/django/db/migrations/executor.py first seen with mtime 1616691139.082309
File /usr/local/lib/python3.7/site-packages/bootstrap4/components.py first seen with mtime 1616691141.560023
File /usr/local/lib/python3.7/site-packages/django/db/migrations/recorder.py first seen with mtime 1616691139.084309
File /usr/local/lib/python3.7/site-packages/django/contrib/admin/migrations/__init__.py first seen with mtime 1616691138.072309
File /usr/local/lib/python3.7/site-packages/django/contrib/contenttypes/migrations/0002_remove_content_type_name.py first seen with mtime 1616691138.430309
File /usr/local/lib/python3.7/site-packages/django/contrib/sessions/backends/__init__.py first seen with mtime 1616691138.846309
File /usr/local/lib/python3.7/site-packages/bootstrap4/bootstrap.py first seen with mtime 1616691141.560023
File /usr/local/lib/python3.7/site-packages/bootstrap4/exceptions.py first seen with mtime 1616691141.561023
File /usr/local/lib/python3.7/site-packages/django/contrib/sessions/migrations/__init__.py first seen with mtime 1616691138.938309
File /usr/local/lib/python3.7/site-packages/django/contrib/sessions/exceptions.py first seen with mtime 1616691138.845309
File /djangocms/homepage/migrations/0002_delete_post.py first seen with mtime 1616696357.1160324
File /usr/local/lib/python3.7/site-packages/django/contrib/auth/migrations/0001_initial.py first seen with mtime 1616691138.344309
File /usr/local/lib/python3.7/site-packages/allauth/socialaccount/migrations/0003_extra_data_default_dict.py first seen with mtime 1616691141.681023
File /djangocms/users/migrations/0006_auto_20200430_1739.py first seen with mtime 1614272292.3929067
File /usr/local/lib/python3.7/site-packages/django/contrib/sessions/backends/db.py first seen with mtime 1616691138.848309
File /usr/local/lib/python3.7/site-packages/django/contrib/sites/migrations/__init__.py first seen with mtime 1616691139.014309
File /usr/local/lib/python3.7/site-packages/allauth/socialaccount/migrations/0002_token_max_lengths.py first seen with mtime 1616691141.681023
File /usr/local/lib/python3.7/site-packages/django/contrib/auth/migrations/0010_alter_group_name_max_length.py first seen with mtime 1616691138.347309
File /usr/local/lib/python3.7/site-packages/django/contrib/auth/migrations/0006_require_contenttypes_0002.py first seen with mtime 1616691138.346309
File /usr/local/lib/python3.7/site-packages/allauth/account/migrations/0001_initial.py first seen with mtime 1616691141.631023
File /djangocms/homepage/migrations/__init__.py first seen with mtime 1614275587.055615
File /usr/local/lib/python3.7/site-packages/django/contrib/auth/migrations/0008_alter_user_username_max_length.py first seen with mtime 1616691138.346309
File /usr/local/lib/python3.7/site-packages/django/contrib/admin/migrations/0002_logentry_remove_auto_add.py first seen with mtime 1616691138.072309
File /usr/local/lib/python3.7/site-packages/django/contrib/admin/migrations/0001_initial.py first seen with mtime 1616691138.071309
File /djangocms/users/migrations/0005_remove_users_verified.py first seen with mtime 1614272292.3924127
File /djangocms/users/migrations/0007_profile_verified.py first seen with mtime 1614272292.393434
"GET / HTTP/1.1" 302 0
"GET /homepage/index HTTP/1.1" 200 5318
"GET /static/css/navbar.css HTTP/1.1" 200 410
"GET /static/img/file.png HTTP/1.1" 200 4018
"GET /static/css/register.css HTTP/1.1" 200 1442
"GET /static/img/imagen.png HTTP/1.1" 200 7037
"GET /static/css/main.css HTTP/1.1" 200 635
File /usr/local/lib/python3.7/site-packages/django/contrib/sessions/serializers.py first seen with mtime 1616691138.846309
File /usr/local/lib/python3.7/site-packages/django/template/loaders/__init__.py first seen with mtime 1616691139.141309
File /usr/local/lib/python3.7/site-packages/django/contrib/messages/storage/session.py first seen with mtime 1616691138.711309
File /usr/local/lib/python3.7/site-packages/django/contrib/messages/storage/base.py first seen with mtime 1616691138.710309
File /usr/local/lib/python3.7/site-packages/django/contrib/messages/storage/fallback.py first seen with mtime 1616691138.711309
File /usr/local/lib/python3.7/site-packages/django/contrib/staticfiles/storage.py first seen with mtime 1616691139.016309
File /usr/local/lib/python3.7/site-packages/django/template/loaders/base.py first seen with mtime 1616691139.142309
File /usr/local/lib/python3.7/site-packages/django/template/loaders/app_directories.py first seen with mtime 1616691139.141309
File /usr/local/lib/python3.7/site-packages/django/contrib/auth/context_processors.py first seen with mtime 1616691138.256309
File /usr/local/lib/python3.7/site-packages/django/contrib/messages/utils.py first seen with mtime 1616691138.709309
File /usr/local/lib/python3.7/site-packages/django/contrib/messages/storage/cookie.py first seen with mtime 1616691138.710309
File /usr/local/lib/python3.7/site-packages/django/contrib/messages/context_processors.py first seen with mtime 1616691138.708309
File /usr/local/lib/python3.7/site-packages/django/template/loaders/filesystem.py first seen with mtime 1616691139.143309
File /usr/local/lib/python3.7/site-packages/django/template/context_processors.py first seen with mtime 1616691139.134309
Exception while resolving variable 'name' in template 'unknown'.
Traceback (most recent call last):
  File "/usr/local/lib/python3.7/site-packages/django/core/handlers/exception.py", line 47, in inner
    response = get_response(request)
  File "/usr/local/lib/python3.7/site-packages/django/core/handlers/base.py", line 167, in _get_response
    callback, callback_args, callback_kwargs = self.resolve_request(request)
  File "/usr/local/lib/python3.7/site-packages/django/core/handlers/base.py", line 290, in resolve_request
    resolver_match = resolver.resolve(request.path_info)
  File "/usr/local/lib/python3.7/site-packages/django/urls/resolvers.py", line 576, in resolve
    raise Resolver404({'tried': tried, 'path': new_path})
django.urls.exceptions.Resolver404: {'tried': [[<URLPattern ''>], [<URLResolver <URLPattern list> (admin:admin) 'admin/'>], [<URLResolver <module 'allauth.urls' from '/usr/local/lib/python3.7/site-packages/allauth/urls.py'> (None:None) 'accounts/'>], [<URLResolver <module 'users.urls' from '/djangocms/users/urls.py'> (None:None) 'users/'>], [<URLResolver <module 'homepage.urls' from '/djangocms/homepage/urls.py'> (None:None) 'homepage/'>], [<URLPattern 'search/'>]], 'path': 'favicon.ico'}

During handling of the above exception, another exception occurred:

Traceback (most recent call last):
  File "/usr/local/lib/python3.7/site-packages/django/template/base.py", line 829, in _resolve_lookup
    current = current[bit]
TypeError: 'URLResolver' object is not subscriptable

During handling of the above exception, another exception occurred:

Traceback (most recent call last):
  File "/usr/local/lib/python3.7/site-packages/django/template/base.py", line 837, in _resolve_lookup
    current = getattr(current, bit)
AttributeError: 'URLResolver' object has no attribute 'name'

During handling of the above exception, another exception occurred:

Traceback (most recent call last):
  File "/usr/local/lib/python3.7/site-packages/django/template/base.py", line 843, in _resolve_lookup
    current = current[int(bit)]
ValueError: invalid literal for int() with base 10: 'name'

During handling of the above exception, another exception occurred:

Traceback (most recent call last):
  File "/usr/local/lib/python3.7/site-packages/django/template/base.py", line 850, in _resolve_lookup
    (bit, current))  # missing attribute
django.template.base.VariableDoesNotExist: Failed lookup for key [name] in <URLResolver <URLPattern list> (admin:admin) 'admin/'>
Exception while resolving variable 'name' in template 'unknown'.
Traceback (most recent call last):
  File "/usr/local/lib/python3.7/site-packages/django/core/handlers/exception.py", line 47, in inner
    response = get_response(request)
  File "/usr/local/lib/python3.7/site-packages/django/core/handlers/base.py", line 167, in _get_response
    callback, callback_args, callback_kwargs = self.resolve_request(request)
  File "/usr/local/lib/python3.7/site-packages/django/core/handlers/base.py", line 290, in resolve_request
    resolver_match = resolver.resolve(request.path_info)
  File "/usr/local/lib/python3.7/site-packages/django/urls/resolvers.py", line 576, in resolve
    raise Resolver404({'tried': tried, 'path': new_path})
django.urls.exceptions.Resolver404: {'tried': [[<URLPattern ''>], [<URLResolver <URLPattern list> (admin:admin) 'admin/'>], [<URLResolver <module 'allauth.urls' from '/usr/local/lib/python3.7/site-packages/allauth/urls.py'> (None:None) 'accounts/'>], [<URLResolver <module 'users.urls' from '/djangocms/users/urls.py'> (None:None) 'users/'>], [<URLResolver <module 'homepage.urls' from '/djangocms/homepage/urls.py'> (None:None) 'homepage/'>], [<URLPattern 'search/'>]], 'path': 'favicon.ico'}

During handling of the above exception, another exception occurred:

Traceback (most recent call last):
  File "/usr/local/lib/python3.7/site-packages/django/template/base.py", line 829, in _resolve_lookup
    current = current[bit]
TypeError: 'URLResolver' object is not subscriptable

During handling of the above exception, another exception occurred:

Traceback (most recent call last):
  File "/usr/local/lib/python3.7/site-packages/django/template/base.py", line 837, in _resolve_lookup
    current = getattr(current, bit)
AttributeError: 'URLResolver' object has no attribute 'name'

During handling of the above exception, another exception occurred:

Traceback (most recent call last):
  File "/usr/local/lib/python3.7/site-packages/django/template/base.py", line 843, in _resolve_lookup
    current = current[int(bit)]
ValueError: invalid literal for int() with base 10: 'name'

During handling of the above exception, another exception occurred:

Traceback (most recent call last):
  File "/usr/local/lib/python3.7/site-packages/django/template/base.py", line 850, in _resolve_lookup
    (bit, current))  # missing attribute
django.template.base.VariableDoesNotExist: Failed lookup for key [name] in <URLResolver <module 'allauth.urls' from '/usr/local/lib/python3.7/site-packages/allauth/urls.py'> (None:None) 'accounts/'>
Exception while resolving variable 'name' in template 'unknown'.
Traceback (most recent call last):
  File "/usr/local/lib/python3.7/site-packages/django/core/handlers/exception.py", line 47, in inner
    response = get_response(request)
  File "/usr/local/lib/python3.7/site-packages/django/core/handlers/base.py", line 167, in _get_response
    callback, callback_args, callback_kwargs = self.resolve_request(request)
  File "/usr/local/lib/python3.7/site-packages/django/core/handlers/base.py", line 290, in resolve_request
    resolver_match = resolver.resolve(request.path_info)
  File "/usr/local/lib/python3.7/site-packages/django/urls/resolvers.py", line 576, in resolve
    raise Resolver404({'tried': tried, 'path': new_path})
django.urls.exceptions.Resolver404: {'tried': [[<URLPattern ''>], [<URLResolver <URLPattern list> (admin:admin) 'admin/'>], [<URLResolver <module 'allauth.urls' from '/usr/local/lib/python3.7/site-packages/allauth/urls.py'> (None:None) 'accounts/'>], [<URLResolver <module 'users.urls' from '/djangocms/users/urls.py'> (None:None) 'users/'>], [<URLResolver <module 'homepage.urls' from '/djangocms/homepage/urls.py'> (None:None) 'homepage/'>], [<URLPattern 'search/'>]], 'path': 'favicon.ico'}

During handling of the above exception, another exception occurred:

Traceback (most recent call last):
  File "/usr/local/lib/python3.7/site-packages/django/template/base.py", line 829, in _resolve_lookup
    current = current[bit]
TypeError: 'URLResolver' object is not subscriptable

During handling of the above exception, another exception occurred:

Traceback (most recent call last):
  File "/usr/local/lib/python3.7/site-packages/django/template/base.py", line 837, in _resolve_lookup
    current = getattr(current, bit)
AttributeError: 'URLResolver' object has no attribute 'name'

During handling of the above exception, another exception occurred:

Traceback (most recent call last):
  File "/usr/local/lib/python3.7/site-packages/django/template/base.py", line 843, in _resolve_lookup
    current = current[int(bit)]
ValueError: invalid literal for int() with base 10: 'name'

During handling of the above exception, another exception occurred:

Traceback (most recent call last):
  File "/usr/local/lib/python3.7/site-packages/django/template/base.py", line 850, in _resolve_lookup
    (bit, current))  # missing attribute
django.template.base.VariableDoesNotExist: Failed lookup for key [name] in <URLResolver <module 'users.urls' from '/djangocms/users/urls.py'> (None:None) 'users/'>
Exception while resolving variable 'name' in template 'unknown'.
Traceback (most recent call last):
  File "/usr/local/lib/python3.7/site-packages/django/core/handlers/exception.py", line 47, in inner
    response = get_response(request)
  File "/usr/local/lib/python3.7/site-packages/django/core/handlers/base.py", line 167, in _get_response
    callback, callback_args, callback_kwargs = self.resolve_request(request)
  File "/usr/local/lib/python3.7/site-packages/django/core/handlers/base.py", line 290, in resolve_request
    resolver_match = resolver.resolve(request.path_info)
  File "/usr/local/lib/python3.7/site-packages/django/urls/resolvers.py", line 576, in resolve
    raise Resolver404({'tried': tried, 'path': new_path})
django.urls.exceptions.Resolver404: {'tried': [[<URLPattern ''>], [<URLResolver <URLPattern list> (admin:admin) 'admin/'>], [<URLResolver <module 'allauth.urls' from '/usr/local/lib/python3.7/site-packages/allauth/urls.py'> (None:None) 'accounts/'>], [<URLResolver <module 'users.urls' from '/djangocms/users/urls.py'> (None:None) 'users/'>], [<URLResolver <module 'homepage.urls' from '/djangocms/homepage/urls.py'> (None:None) 'homepage/'>], [<URLPattern 'search/'>]], 'path': 'favicon.ico'}

During handling of the above exception, another exception occurred:

Traceback (most recent call last):
  File "/usr/local/lib/python3.7/site-packages/django/template/base.py", line 829, in _resolve_lookup
    current = current[bit]
TypeError: 'URLResolver' object is not subscriptable

During handling of the above exception, another exception occurred:

Traceback (most recent call last):
  File "/usr/local/lib/python3.7/site-packages/django/template/base.py", line 837, in _resolve_lookup
    current = getattr(current, bit)
AttributeError: 'URLResolver' object has no attribute 'name'

During handling of the above exception, another exception occurred:

Traceback (most recent call last):
  File "/usr/local/lib/python3.7/site-packages/django/template/base.py", line 843, in _resolve_lookup
    current = current[int(bit)]
ValueError: invalid literal for int() with base 10: 'name'

During handling of the above exception, another exception occurred:

Traceback (most recent call last):
  File "/usr/local/lib/python3.7/site-packages/django/template/base.py", line 850, in _resolve_lookup
    (bit, current))  # missing attribute
django.template.base.VariableDoesNotExist: Failed lookup for key [name] in <URLResolver <module 'homepage.urls' from '/djangocms/homepage/urls.py'> (None:None) 'homepage/'>
Not Found: /favicon.ico
"GET /favicon.ico HTTP/1.1" 404 2506
